2024-05-06 07:01:19,930 [INFO] com.project.dao.ValidationTest main Starting ValidationTest using Java 1.8.0_292 on WPF45DE29 with PID 17204 (started by xxshetur in C:\DLTE-JavaFullStack-RakeshKumarS-2024\DLTE-FINAL-PROJECT\DLTE-PROJECT-DAO)
2024-05-06 07:01:19,946 [INFO] com.project.dao.ValidationTest main No active profile set, falling back to 1 default profile: "default"
2024-05-06 07:01:21,536 [INFO] org.springframework.data.repository.config.RepositoryConfigurationDelegate main Bootstrapping Spring Data JDBC repositories in DEFAULT mode.
2024-05-06 07:01:21,566 [INFO] org.springframework.data.repository.config.RepositoryConfigurationDelegate main Finished Spring Data repository scanning in 20 ms. Found 0 JDBC repository interfaces.
2024-05-06 07:01:23,198 [INFO] com.zaxxer.hikari.HikariDataSource main HikariPool-1 - Starting...
2024-05-06 07:01:23,214 [WARN] com.zaxxer.hikari.util.DriverDataSource main Registered driver with driverClassName=oracle.jdbc.driver.OracleDriver was not found, trying direct instantiation.
2024-05-06 07:01:24,506 [INFO] com.zaxxer.hikari.pool.PoolBase main HikariPool-1 - Driver does not support get/set network timeout for connections. (oracle.jdbc.driver.T4CConnection.getNetworkTimeout()I)
2024-05-06 07:01:24,522 [INFO] com.zaxxer.hikari.HikariDataSource main HikariPool-1 - Start completed.
2024-05-06 07:01:25,797 [INFO] org.springframework.security.web.DefaultSecurityFilterChain main Will secure any request with [org.springframework.security.web.session.DisableEncodeUrlFilter@50bc3219, org.springframework.security.web.context.request.async.WebAsyncManagerIntegrationFilter@599f1b7, org.springframework.security.web.context.SecurityContextPersistenceFilter@1b560eb0, org.springframework.security.web.header.HeaderWriterFilter@67328bcb, org.springframework.security.web.csrf.CsrfFilter@3313d477, org.springframework.security.web.authentication.logout.LogoutFilter@1a1f79ce, org.springframework.security.web.authentication.UsernamePasswordAuthenticationFilter@6629643d, org.springframework.security.web.authentication.ui.DefaultLoginPageGeneratingFilter@570a62a5, org.springframework.security.web.authentication.ui.DefaultLogoutPageGeneratingFilter@22791b75, org.springframework.security.web.authentication.www.BasicAuthenticationFilter@10b8b900, org.springframework.security.web.savedrequest.RequestCacheAwareFilter@1e6060f1, org.springframework.security.web.servletapi.SecurityContextHolderAwareRequestFilter@2c6c302f, org.springframework.security.web.authentication.AnonymousAuthenticationFilter@64f4f12, org.springframework.security.web.session.SessionManagementFilter@2416c658, org.springframework.security.web.access.ExceptionTranslationFilter@299b9851, org.springframework.security.web.access.intercept.FilterSecurityInterceptor@3e6ec74]
2024-05-06 07:01:26,000 [INFO] com.project.dao.ValidationTest main Started ValidationTest in 7.201 seconds (JVM running for 13.805)
2024-05-06 07:01:26,457 [WARN] com.project.dao.services.AccountsServices main Account is already inactive
2024-05-06 07:01:26,457 [INFO] com.project.dao.services.AccountsServices main Account service closed successfully
2024-05-06 07:01:26,473 [WARN] com.project.dao.services.AccountsServices main Database error check the account id again
2024-05-06 07:01:26,473 [WARN] com.project.dao.services.AccountsServices main No Data Found
2024-05-06 07:01:26,787 [INFO] com.project.dao.services.AccountsServices main Account service closed successfully
2024-05-06 07:01:26,803 [INFO] com.zaxxer.hikari.HikariDataSource SpringApplicationShutdownHook HikariPool-1 - Shutdown initiated...
2024-05-06 07:01:26,820 [INFO] com.zaxxer.hikari.HikariDataSource SpringApplicationShutdownHook HikariPool-1 - Shutdown completed.
2024-05-06 07:04:46,613 [INFO] com.project.dao.DemoTest main Starting DemoTest using Java 1.8.0_292 on WPF45DE29 with PID 12868 (started by xxshetur in C:\DLTE-JavaFullStack-RakeshKumarS-2024\DLTE-FINAL-PROJECT\DLTE-PROJECT-DAO)
2024-05-06 07:04:46,629 [INFO] com.project.dao.DemoTest main No active profile set, falling back to 1 default profile: "default"
2024-05-06 07:04:46,945 [INFO] com.project.dao.DemoTest main Started DemoTest in 0.982 seconds (JVM running for 2.598)
2024-05-06 07:05:00,453 [INFO] com.project.dao.DemoTest main Starting DemoTest using Java 1.8.0_292 on WPF45DE29 with PID 22188 (started by xxshetur in C:\DLTE-JavaFullStack-RakeshKumarS-2024\DLTE-FINAL-PROJECT\DLTE-PROJECT-DAO)
2024-05-06 07:05:00,469 [INFO] com.project.dao.DemoTest main No active profile set, falling back to 1 default profile: "default"
2024-05-06 07:05:00,814 [INFO] com.project.dao.DemoTest main Started DemoTest in 1.02 seconds (JVM running for 6.035)
2024-05-06 07:05:01,097 [INFO] com.project.dao.security.MyBankCustomersService main Status has changed
2024-05-06 07:05:01,128 [INFO] com.project.dao.security.MyBankCustomersService main Attempts are Updated
2024-05-06 07:05:01,144 [INFO] org.springframework.boot.test.context.SpringBootTestContextBootstrapper main Neither @ContextConfiguration nor @ContextHierarchy found for test class [com.project.dao.ValidationTest], using SpringBootContextLoader
2024-05-06 07:05:01,144 [INFO] org.springframework.test.context.support.AbstractContextLoader main Could not detect default resource locations for test class [com.project.dao.ValidationTest]: no resource found for suffixes {-context.xml, Context.groovy}.
2024-05-06 07:05:01,144 [INFO] org.springframework.test.context.support.AnnotationConfigContextLoaderUtils main Could not detect default configuration classes for test class [com.project.dao.ValidationTest]: ValidationTest does not declare any static, non-private, non-final, nested classes annotated with @Configuration.
2024-05-06 07:05:01,253 [INFO] org.springframework.boot.test.context.SpringBootTestContextBootstrapper main Found @SpringBootConfiguration com.project.dao.DemoApplication for test class com.project.dao.ValidationTest
2024-05-06 07:05:01,253 [INFO] org.springframework.boot.test.context.SpringBootTestContextBootstrapper main Loaded default TestExecutionListener class names from location [META-INF/spring.factories]: [org.springframework.boot.test.mock.mockito.MockitoTestExecutionListener, org.springframework.boot.test.mock.mockito.ResetMocksTestExecutionListener, org.springframework.boot.test.autoconfigure.restdocs.RestDocsTestExecutionListener, org.springframework.boot.test.autoconfigure.web.client.MockRestServiceServerResetTestExecutionListener, org.springframework.boot.test.autoconfigure.web.servlet.MockMvcPrintOnlyOnFailureTestExecutionListener, org.springframework.boot.test.autoconfigure.web.servlet.WebDriverTestExecutionListener, org.springframework.boot.test.autoconfigure.webservices.client.MockWebServiceServerTestExecutionListener, org.springframework.test.context.web.ServletTestExecutionListener, org.springframework.test.context.support.DirtiesContextBeforeModesTestExecutionListener, org.springframework.test.context.event.ApplicationEventsTestExecutionListener, org.springframework.test.context.support.DependencyInjectionTestExecutionListener, org.springframework.test.context.support.DirtiesContextTestExecutionListener, org.springframework.test.context.transaction.TransactionalTestExecutionListener, org.springframework.test.context.jdbc.SqlScriptsTestExecutionListener, org.springframework.test.context.event.EventPublishingTestExecutionListener]
2024-05-06 07:05:01,253 [INFO] org.springframework.boot.test.context.SpringBootTestContextBootstrapper main Using TestExecutionListeners: [org.springframework.test.context.web.ServletTestExecutionListener@29eda4f8, org.springframework.test.context.support.DirtiesContextBeforeModesTestExecutionListener@1b9776f5, org.springframework.test.context.event.ApplicationEventsTestExecutionListener@5e048149, org.springframework.boot.test.mock.mockito.MockitoTestExecutionListener@79d9214d, org.springframework.boot.test.autoconfigure.SpringBootDependencyInjectionTestExecutionListener@3d5790ea, org.springframework.test.context.support.DirtiesContextTestExecutionListener@1dd7796b, org.springframework.test.context.transaction.TransactionalTestExecutionListener@67a3bd51, org.springframework.test.context.jdbc.SqlScriptsTestExecutionListener@57402ba1, org.springframework.test.context.event.EventPublishingTestExecutionListener@56913163, org.springframework.boot.test.mock.mockito.ResetMocksTestExecutionListener@702b06fb, org.springframework.boot.test.autoconfigure.restdocs.RestDocsTestExecutionListener@a18649a, org.springframework.boot.test.autoconfigure.web.client.MockRestServiceServerResetTestExecutionListener@5c534b5b, org.springframework.boot.test.autoconfigure.web.servlet.MockMvcPrintOnlyOnFailureTestExecutionListener@396639b, org.springframework.boot.test.autoconfigure.web.servlet.WebDriverTestExecutionListener@2b22a1cc, org.springframework.boot.test.autoconfigure.webservices.client.MockWebServiceServerTestExecutionListener@62573c86]
2024-05-06 07:05:01,316 [INFO] com.project.dao.ValidationTest main Starting ValidationTest using Java 1.8.0_292 on WPF45DE29 with PID 22188 (started by xxshetur in C:\DLTE-JavaFullStack-RakeshKumarS-2024\DLTE-FINAL-PROJECT\DLTE-PROJECT-DAO)
2024-05-06 07:05:01,316 [INFO] com.project.dao.ValidationTest main No active profile set, falling back to 1 default profile: "default"
2024-05-06 07:05:02,166 [INFO] org.springframework.data.repository.config.RepositoryConfigurationDelegate main Bootstrapping Spring Data JDBC repositories in DEFAULT mode.
2024-05-06 07:05:02,198 [INFO] org.springframework.data.repository.config.RepositoryConfigurationDelegate main Finished Spring Data repository scanning in 23 ms. Found 0 JDBC repository interfaces.
2024-05-06 07:05:03,788 [INFO] com.zaxxer.hikari.HikariDataSource main HikariPool-1 - Starting...
2024-05-06 07:05:03,800 [WARN] com.zaxxer.hikari.util.DriverDataSource main Registered driver with driverClassName=oracle.jdbc.driver.OracleDriver was not found, trying direct instantiation.
2024-05-06 07:05:04,431 [INFO] com.zaxxer.hikari.pool.PoolBase main HikariPool-1 - Driver does not support get/set network timeout for connections. (oracle.jdbc.driver.T4CConnection.getNetworkTimeout()I)
2024-05-06 07:05:04,431 [INFO] com.zaxxer.hikari.HikariDataSource main HikariPool-1 - Start completed.
2024-05-06 07:05:05,546 [INFO] org.springframework.security.web.DefaultSecurityFilterChain main Will secure any request with [org.springframework.security.web.session.DisableEncodeUrlFilter@2cccf134, org.springframework.security.web.context.request.async.WebAsyncManagerIntegrationFilter@3c18942, org.springframework.security.web.context.SecurityContextPersistenceFilter@252ec02e, org.springframework.security.web.header.HeaderWriterFilter@2dbfa972, org.springframework.security.web.csrf.CsrfFilter@6de43bc1, org.springframework.security.web.authentication.logout.LogoutFilter@53d6e959, org.springframework.security.web.authentication.UsernamePasswordAuthenticationFilter@c48b543, org.springframework.security.web.authentication.ui.DefaultLoginPageGeneratingFilter@3fb450d7, org.springframework.security.web.authentication.ui.DefaultLogoutPageGeneratingFilter@743c3520, org.springframework.security.web.authentication.www.BasicAuthenticationFilter@755b5f30, org.springframework.security.web.savedrequest.RequestCacheAwareFilter@74f280bd, org.springframework.security.web.servletapi.SecurityContextHolderAwareRequestFilter@34279b8a, org.springframework.security.web.authentication.AnonymousAuthenticationFilter@6842c101, org.springframework.security.web.session.SessionManagementFilter@41aebbb4, org.springframework.security.web.access.ExceptionTranslationFilter@65cc5252, org.springframework.security.web.access.intercept.FilterSecurityInterceptor@78d73b1b]
2024-05-06 07:05:05,799 [INFO] com.project.dao.ValidationTest main Started ValidationTest in 4.538 seconds (JVM running for 11.012)
2024-05-06 07:05:06,066 [WARN] com.project.dao.services.AccountsServices main Account is already inactive
2024-05-06 07:05:06,077 [INFO] com.project.dao.services.AccountsServices main Account service closed successfully
2024-05-06 07:05:06,082 [WARN] com.project.dao.services.AccountsServices main Database error check the account id again
2024-05-06 07:05:06,082 [WARN] com.project.dao.services.AccountsServices main No Data Found
2024-05-06 07:05:06,364 [INFO] com.project.dao.services.AccountsServices main Account service closed successfully
2024-05-06 07:05:06,383 [INFO] com.zaxxer.hikari.HikariDataSource SpringApplicationShutdownHook HikariPool-1 - Shutdown initiated...
2024-05-06 07:05:06,410 [INFO] com.zaxxer.hikari.HikariDataSource SpringApplicationShutdownHook HikariPool-1 - Shutdown completed.
2024-05-06 07:05:52,797 [INFO] com.project.dao.DemoTest main Starting DemoTest using Java 1.8.0_292 on WPF45DE29 with PID 2196 (started by xxshetur in C:\DLTE-JavaFullStack-RakeshKumarS-2024\DLTE-FINAL-PROJECT\DLTE-PROJECT-DAO)
2024-05-06 07:05:52,797 [INFO] com.project.dao.DemoTest main No active profile set, falling back to 1 default profile: "default"
2024-05-06 07:05:53,914 [INFO] org.springframework.data.repository.config.RepositoryConfigurationDelegate main Bootstrapping Spring Data JDBC repositories in DEFAULT mode.
2024-05-06 07:05:53,946 [INFO] org.springframework.data.repository.config.RepositoryConfigurationDelegate main Finished Spring Data repository scanning in 19 ms. Found 0 JDBC repository interfaces.
2024-05-06 07:05:55,360 [WARN] org.springframework.web.context.support.GenericWebApplicationContext main Exception encountered during context initialization - cancelling refresh attempt: org.springframework.beans.factory.BeanCreationException: Error creating bean with name 'getValidator' defined in class path resource [com/project/dao/configs/AccountsConfig.class]: Bean instantiation via factory method failed; nested exception is org.springframework.beans.BeanInstantiationException: Failed to instantiate [org.springframework.validation.beanvalidation.LocalValidatorFactoryBean]: Factory method 'getValidator' threw exception; nested exception is javax.validation.ValidationException: HV000183: Unable to initialize 'javax.el.ExpressionFactory'. Check that you have the EL dependencies on the classpath, or use ParameterMessageInterpolator instead
2024-05-06 07:05:55,376 [INFO] org.springframework.boot.autoconfigure.logging.ConditionEvaluationReportLoggingListener main 

Error starting ApplicationContext. To display the conditions report re-run your application with 'debug' enabled.
2024-05-06 07:05:55,486 [ERROR] org.springframework.boot.SpringApplication main Application run failed
org.springframework.beans.factory.BeanCreationException: Error creating bean with name 'getValidator' defined in class path resource [com/project/dao/configs/AccountsConfig.class]: Bean instantiation via factory method failed; nested exception is org.springframework.beans.BeanInstantiationException: Failed to instantiate [org.springframework.validation.beanvalidation.LocalValidatorFactoryBean]: Factory method 'getValidator' threw exception; nested exception is javax.validation.ValidationException: HV000183: Unable to initialize 'javax.el.ExpressionFactory'. Check that you have the EL dependencies on the classpath, or use ParameterMessageInterpolator instead
	at org.springframework.beans.factory.support.ConstructorResolver.instantiate(ConstructorResolver.java:658)
	at org.springframework.beans.factory.support.ConstructorResolver.instantiateUsingFactoryMethod(ConstructorResolver.java:638)
	at org.springframework.beans.factory.support.AbstractAutowireCapableBeanFactory.instantiateUsingFactoryMethod(AbstractAutowireCapableBeanFactory.java:1352)
	at org.springframework.beans.factory.support.AbstractAutowireCapableBeanFactory.createBeanInstance(AbstractAutowireCapableBeanFactory.java:1195)
	at org.springframework.beans.factory.support.AbstractAutowireCapableBeanFactory.doCreateBean(AbstractAutowireCapableBeanFactory.java:582)
	at org.springframework.beans.factory.support.AbstractAutowireCapableBeanFactory.createBean(AbstractAutowireCapableBeanFactory.java:542)
	at org.springframework.beans.factory.support.AbstractBeanFactory.lambda$doGetBean$0(AbstractBeanFactory.java:335)
	at org.springframework.beans.factory.support.DefaultSingletonBeanRegistry.getSingleton(DefaultSingletonBeanRegistry.java:234)
	at org.springframework.beans.factory.support.AbstractBeanFactory.doGetBean(AbstractBeanFactory.java:333)
	at org.springframework.beans.factory.support.AbstractBeanFactory.getBean(AbstractBeanFactory.java:208)
	at org.springframework.beans.factory.support.DefaultListableBeanFactory.preInstantiateSingletons(DefaultListableBeanFactory.java:955)
	at org.springframework.context.support.AbstractApplicationContext.finishBeanFactoryInitialization(AbstractApplicationContext.java:920)
	at org.springframework.context.support.AbstractApplicationContext.refresh(AbstractApplicationContext.java:583)
	at org.springframework.boot.SpringApplication.refresh(SpringApplication.java:731)
	at org.springframework.boot.SpringApplication.refreshContext(SpringApplication.java:408)
	at org.springframework.boot.SpringApplication.run(SpringApplication.java:307)
	at org.springframework.boot.test.context.SpringBootContextLoader.loadContext(SpringBootContextLoader.java:136)
	at org.springframework.test.context.cache.DefaultCacheAwareContextLoaderDelegate.loadContextInternal(DefaultCacheAwareContextLoaderDelegate.java:141)
	at org.springframework.test.context.cache.DefaultCacheAwareContextLoaderDelegate.loadContext(DefaultCacheAwareContextLoaderDelegate.java:90)
	at org.springframework.test.context.support.DefaultTestContext.getApplicationContext(DefaultTestContext.java:124)
	at org.springframework.test.context.web.ServletTestExecutionListener.setUpRequestContextIfNecessary(ServletTestExecutionListener.java:190)
	at org.springframework.test.context.web.ServletTestExecutionListener.prepareTestInstance(ServletTestExecutionListener.java:132)
	at org.springframework.test.context.TestContextManager.prepareTestInstance(TestContextManager.java:248)
	at org.springframework.test.context.junit.jupiter.SpringExtension.postProcessTestInstance(SpringExtension.java:138)
	at org.junit.jupiter.engine.descriptor.ClassBasedTestDescriptor.lambda$invokeTestInstancePostProcessors$8(ClassBasedTestDescriptor.java:363)
	at org.junit.jupiter.engine.descriptor.ClassBasedTestDescriptor.executeAndMaskThrowable(ClassBasedTestDescriptor.java:368)
	at org.junit.jupiter.engine.descriptor.ClassBasedTestDescriptor.lambda$invokeTestInstancePostProcessors$9(ClassBasedTestDescriptor.java:363)
	at java.util.stream.ReferencePipeline$3$1.accept(ReferencePipeline.java:193)
	at java.util.stream.ReferencePipeline$2$1.accept(ReferencePipeline.java:175)
	at java.util.ArrayList$ArrayListSpliterator.forEachRemaining(ArrayList.java:1384)
	at java.util.stream.AbstractPipeline.copyInto(AbstractPipeline.java:482)
	at java.util.stream.AbstractPipeline.wrapAndCopyInto(AbstractPipeline.java:472)
	at java.util.stream.StreamSpliterators$WrappingSpliterator.forEachRemaining(StreamSpliterators.java:313)
	at java.util.stream.Streams$ConcatSpliterator.forEachRemaining(Streams.java:743)
	at java.util.stream.Streams$ConcatSpliterator.forEachRemaining(Streams.java:742)
	at java.util.stream.ReferencePipeline$Head.forEach(ReferencePipeline.java:647)
	at org.junit.jupiter.engine.descriptor.ClassBasedTestDescriptor.invokeTestInstancePostProcessors(ClassBasedTestDescriptor.java:362)
	at org.junit.jupiter.engine.descriptor.ClassBasedTestDescriptor.lambda$instantiateAndPostProcessTestInstance$6(ClassBasedTestDescriptor.java:283)
	at org.junit.platform.engine.support.hierarchical.ThrowableCollector.execute(ThrowableCollector.java:73)
	at org.junit.jupiter.engine.descriptor.ClassBasedTestDescriptor.instantiateAndPostProcessTestInstance(ClassBasedTestDescriptor.java:282)
	at org.junit.jupiter.engine.descriptor.ClassBasedTestDescriptor.lambda$testInstancesProvider$4(ClassBasedTestDescriptor.java:272)
	at java.util.Optional.orElseGet(Optional.java:267)
	at org.junit.jupiter.engine.descriptor.ClassBasedTestDescriptor.lambda$testInstancesProvider$5(ClassBasedTestDescriptor.java:271)
	at org.junit.jupiter.engine.execution.TestInstancesProvider.getTestInstances(TestInstancesProvider.java:31)
	at org.junit.jupiter.engine.descriptor.TestMethodTestDescriptor.lambda$prepare$0(TestMethodTestDescriptor.java:102)
	at org.junit.platform.engine.support.hierarchical.ThrowableCollector.execute(ThrowableCollector.java:73)
	at org.junit.jupiter.engine.descriptor.TestMethodTestDescriptor.prepare(TestMethodTestDescriptor.java:101)
	at org.junit.jupiter.engine.descriptor.TestMethodTestDescriptor.prepare(TestMethodTestDescriptor.java:66)
	at org.junit.platform.engine.support.hierarchical.NodeTestTask.lambda$prepare$2(NodeTestTask.java:123)
	at org.junit.platform.engine.support.hierarchical.ThrowableCollector.execute(ThrowableCollector.java:73)
	at org.junit.platform.engine.support.hierarchical.NodeTestTask.prepare(NodeTestTask.java:123)
	at org.junit.platform.engine.support.hierarchical.NodeTestTask.execute(NodeTestTask.java:90)
	at java.util.ArrayList.forEach(ArrayList.java:1259)
	at org.junit.platform.engine.support.hierarchical.SameThreadHierarchicalTestExecutorService.invokeAll(SameThreadHierarchicalTestExecutorService.java:41)
	at org.junit.platform.engine.support.hierarchical.NodeTestTask.lambda$executeRecursively$6(NodeTestTask.java:155)
	at org.junit.platform.engine.support.hierarchical.ThrowableCollector.execute(ThrowableCollector.java:73)
	at org.junit.platform.engine.support.hierarchical.NodeTestTask.lambda$executeRecursively$8(NodeTestTask.java:141)
	at org.junit.platform.engine.support.hierarchical.Node.around(Node.java:137)
	at org.junit.platform.engine.support.hierarchical.NodeTestTask.lambda$executeRecursively$9(NodeTestTask.java:139)
	at org.junit.platform.engine.support.hierarchical.ThrowableCollector.execute(ThrowableCollector.java:73)
	at org.junit.platform.engine.support.hierarchical.NodeTestTask.executeRecursively(NodeTestTask.java:138)
	at org.junit.platform.engine.support.hierarchical.NodeTestTask.execute(NodeTestTask.java:95)
	at java.util.ArrayList.forEach(ArrayList.java:1259)
	at org.junit.platform.engine.support.hierarchical.SameThreadHierarchicalTestExecutorService.invokeAll(SameThreadHierarchicalTestExecutorService.java:41)
	at org.junit.platform.engine.support.hierarchical.NodeTestTask.lambda$executeRecursively$6(NodeTestTask.java:155)
	at org.junit.platform.engine.support.hierarchical.ThrowableCollector.execute(ThrowableCollector.java:73)
	at org.junit.platform.engine.support.hierarchical.NodeTestTask.lambda$executeRecursively$8(NodeTestTask.java:141)
	at org.junit.platform.engine.support.hierarchical.Node.around(Node.java:137)
	at org.junit.platform.engine.support.hierarchical.NodeTestTask.lambda$executeRecursively$9(NodeTestTask.java:139)
	at org.junit.platform.engine.support.hierarchical.ThrowableCollector.execute(ThrowableCollector.java:73)
	at org.junit.platform.engine.support.hierarchical.NodeTestTask.executeRecursively(NodeTestTask.java:138)
	at org.junit.platform.engine.support.hierarchical.NodeTestTask.execute(NodeTestTask.java:95)
	at org.junit.platform.engine.support.hierarchical.SameThreadHierarchicalTestExecutorService.submit(SameThreadHierarchicalTestExecutorService.java:35)
	at org.junit.platform.engine.support.hierarchical.HierarchicalTestExecutor.execute(HierarchicalTestExecutor.java:57)
	at org.junit.platform.engine.support.hierarchical.HierarchicalTestEngine.execute(HierarchicalTestEngine.java:54)
	at org.junit.platform.launcher.core.EngineExecutionOrchestrator.execute(EngineExecutionOrchestrator.java:107)
	at org.junit.platform.launcher.core.EngineExecutionOrchestrator.execute(EngineExecutionOrchestrator.java:88)
	at org.junit.platform.launcher.core.EngineExecutionOrchestrator.lambda$execute$0(EngineExecutionOrchestrator.java:54)
	at org.junit.platform.launcher.core.EngineExecutionOrchestrator.withInterceptedStreams(EngineExecutionOrchestrator.java:67)
	at org.junit.platform.launcher.core.EngineExecutionOrchestrator.execute(EngineExecutionOrchestrator.java:52)
	at org.junit.platform.launcher.core.DefaultLauncher.execute(DefaultLauncher.java:114)
	at org.junit.platform.launcher.core.DefaultLauncher.execute(DefaultLauncher.java:86)
	at org.junit.platform.launcher.core.DefaultLauncherSession$DelegatingLauncher.execute(DefaultLauncherSession.java:86)
	at org.junit.platform.launcher.core.SessionPerRequestLauncher.execute(SessionPerRequestLauncher.java:53)
	at com.intellij.junit5.JUnit5IdeaTestRunner.startRunnerWithArgs(JUnit5IdeaTestRunner.java:69)
	at com.intellij.rt.junit.IdeaTestRunner$Repeater.startRunnerWithArgs(IdeaTestRunner.java:33)
	at com.intellij.rt.junit.JUnitStarter.prepareStreamsAndStart(JUnitStarter.java:230)
	at com.intellij.rt.junit.JUnitStarter.main(JUnitStarter.java:58)
Caused by: org.springframework.beans.BeanInstantiationException: Failed to instantiate [org.springframework.validation.beanvalidation.LocalValidatorFactoryBean]: Factory method 'getValidator' threw exception; nested exception is javax.validation.ValidationException: HV000183: Unable to initialize 'javax.el.ExpressionFactory'. Check that you have the EL dependencies on the classpath, or use ParameterMessageInterpolator instead
	at org.springframework.beans.factory.support.SimpleInstantiationStrategy.instantiate(SimpleInstantiationStrategy.java:185)
	at org.springframework.beans.factory.support.ConstructorResolver.instantiate(ConstructorResolver.java:653)
	... 87 common frames omitted
Caused by: javax.validation.ValidationException: HV000183: Unable to initialize 'javax.el.ExpressionFactory'. Check that you have the EL dependencies on the classpath, or use ParameterMessageInterpolator instead
	at org.hibernate.validator.messageinterpolation.ResourceBundleMessageInterpolator.buildExpressionFactory(ResourceBundleMessageInterpolator.java:206)
	at org.hibernate.validator.messageinterpolation.ResourceBundleMessageInterpolator.<init>(ResourceBundleMessageInterpolator.java:94)
	at org.hibernate.validator.messageinterpolation.ResourceBundleMessageInterpolator.<init>(ResourceBundleMessageInterpolator.java:50)
	at org.springframework.validation.beanvalidation.LocalValidatorFactoryBean$HibernateValidatorDelegate.buildMessageInterpolator(LocalValidatorFactoryBean.java:480)
	at org.springframework.validation.beanvalidation.LocalValidatorFactoryBean.setValidationMessageSource(LocalValidatorFactoryBean.java:175)
	at com.project.dao.configs.AccountsConfig.getValidator(AccountsConfig.java:23)
	at com.project.dao.configs.AccountsConfig$$EnhancerBySpringCGLIB$$5b193e08.CGLIB$getValidator$1(<generated>)
	at com.project.dao.configs.AccountsConfig$$EnhancerBySpringCGLIB$$5b193e08$$FastClassBySpringCGLIB$$c85b2185.invoke(<generated>)
	at org.springframework.cglib.proxy.MethodProxy.invokeSuper(MethodProxy.java:244)
	at org.springframework.context.annotation.ConfigurationClassEnhancer$BeanMethodInterceptor.intercept(ConfigurationClassEnhancer.java:331)
	at com.project.dao.configs.AccountsConfig$$EnhancerBySpringCGLIB$$5b193e08.getValidator(<generated>)
	at sun.reflect.NativeMethodAccessorImpl.invoke0(Native Method)
	at sun.reflect.NativeMethodAccessorImpl.invoke(NativeMethodAccessorImpl.java:62)
	at sun.reflect.DelegatingMethodAccessorImpl.invoke(DelegatingMethodAccessorImpl.java:43)
	at java.lang.reflect.Method.invoke(Method.java:498)
	at org.springframework.beans.factory.support.SimpleInstantiationStrategy.instantiate(SimpleInstantiationStrategy.java:154)
	... 88 common frames omitted
2024-05-06 07:05:55,501 [ERROR] org.springframework.test.context.TestContextManager main Caught exception while allowing TestExecutionListener [org.springframework.test.context.web.ServletTestExecutionListener@74cf8b28] to prepare test instance [com.project.dao.DemoTest@ed2f2f6]
java.lang.IllegalStateException: Failed to load ApplicationContext
	at org.springframework.test.context.cache.DefaultCacheAwareContextLoaderDelegate.loadContext(DefaultCacheAwareContextLoaderDelegate.java:98)
	at org.springframework.test.context.support.DefaultTestContext.getApplicationContext(DefaultTestContext.java:124)
	at org.springframework.test.context.web.ServletTestExecutionListener.setUpRequestContextIfNecessary(ServletTestExecutionListener.java:190)
	at org.springframework.test.context.web.ServletTestExecutionListener.prepareTestInstance(ServletTestExecutionListener.java:132)
	at org.springframework.test.context.TestContextManager.prepareTestInstance(TestContextManager.java:248)
	at org.springframework.test.context.junit.jupiter.SpringExtension.postProcessTestInstance(SpringExtension.java:138)
	at org.junit.jupiter.engine.descriptor.ClassBasedTestDescriptor.lambda$invokeTestInstancePostProcessors$8(ClassBasedTestDescriptor.java:363)
	at org.junit.jupiter.engine.descriptor.ClassBasedTestDescriptor.executeAndMaskThrowable(ClassBasedTestDescriptor.java:368)
	at org.junit.jupiter.engine.descriptor.ClassBasedTestDescriptor.lambda$invokeTestInstancePostProcessors$9(ClassBasedTestDescriptor.java:363)
	at java.util.stream.ReferencePipeline$3$1.accept(ReferencePipeline.java:193)
	at java.util.stream.ReferencePipeline$2$1.accept(ReferencePipeline.java:175)
	at java.util.ArrayList$ArrayListSpliterator.forEachRemaining(ArrayList.java:1384)
	at java.util.stream.AbstractPipeline.copyInto(AbstractPipeline.java:482)
	at java.util.stream.AbstractPipeline.wrapAndCopyInto(AbstractPipeline.java:472)
	at java.util.stream.StreamSpliterators$WrappingSpliterator.forEachRemaining(StreamSpliterators.java:313)
	at java.util.stream.Streams$ConcatSpliterator.forEachRemaining(Streams.java:743)
	at java.util.stream.Streams$ConcatSpliterator.forEachRemaining(Streams.java:742)
	at java.util.stream.ReferencePipeline$Head.forEach(ReferencePipeline.java:647)
	at org.junit.jupiter.engine.descriptor.ClassBasedTestDescriptor.invokeTestInstancePostProcessors(ClassBasedTestDescriptor.java:362)
	at org.junit.jupiter.engine.descriptor.ClassBasedTestDescriptor.lambda$instantiateAndPostProcessTestInstance$6(ClassBasedTestDescriptor.java:283)
	at org.junit.platform.engine.support.hierarchical.ThrowableCollector.execute(ThrowableCollector.java:73)
	at org.junit.jupiter.engine.descriptor.ClassBasedTestDescriptor.instantiateAndPostProcessTestInstance(ClassBasedTestDescriptor.java:282)
	at org.junit.jupiter.engine.descriptor.ClassBasedTestDescriptor.lambda$testInstancesProvider$4(ClassBasedTestDescriptor.java:272)
	at java.util.Optional.orElseGet(Optional.java:267)
	at org.junit.jupiter.engine.descriptor.ClassBasedTestDescriptor.lambda$testInstancesProvider$5(ClassBasedTestDescriptor.java:271)
	at org.junit.jupiter.engine.execution.TestInstancesProvider.getTestInstances(TestInstancesProvider.java:31)
	at org.junit.jupiter.engine.descriptor.TestMethodTestDescriptor.lambda$prepare$0(TestMethodTestDescriptor.java:102)
	at org.junit.platform.engine.support.hierarchical.ThrowableCollector.execute(ThrowableCollector.java:73)
	at org.junit.jupiter.engine.descriptor.TestMethodTestDescriptor.prepare(TestMethodTestDescriptor.java:101)
	at org.junit.jupiter.engine.descriptor.TestMethodTestDescriptor.prepare(TestMethodTestDescriptor.java:66)
	at org.junit.platform.engine.support.hierarchical.NodeTestTask.lambda$prepare$2(NodeTestTask.java:123)
	at org.junit.platform.engine.support.hierarchical.ThrowableCollector.execute(ThrowableCollector.java:73)
	at org.junit.platform.engine.support.hierarchical.NodeTestTask.prepare(NodeTestTask.java:123)
	at org.junit.platform.engine.support.hierarchical.NodeTestTask.execute(NodeTestTask.java:90)
	at java.util.ArrayList.forEach(ArrayList.java:1259)
	at org.junit.platform.engine.support.hierarchical.SameThreadHierarchicalTestExecutorService.invokeAll(SameThreadHierarchicalTestExecutorService.java:41)
	at org.junit.platform.engine.support.hierarchical.NodeTestTask.lambda$executeRecursively$6(NodeTestTask.java:155)
	at org.junit.platform.engine.support.hierarchical.ThrowableCollector.execute(ThrowableCollector.java:73)
	at org.junit.platform.engine.support.hierarchical.NodeTestTask.lambda$executeRecursively$8(NodeTestTask.java:141)
	at org.junit.platform.engine.support.hierarchical.Node.around(Node.java:137)
	at org.junit.platform.engine.support.hierarchical.NodeTestTask.lambda$executeRecursively$9(NodeTestTask.java:139)
	at org.junit.platform.engine.support.hierarchical.ThrowableCollector.execute(ThrowableCollector.java:73)
	at org.junit.platform.engine.support.hierarchical.NodeTestTask.executeRecursively(NodeTestTask.java:138)
	at org.junit.platform.engine.support.hierarchical.NodeTestTask.execute(NodeTestTask.java:95)
	at java.util.ArrayList.forEach(ArrayList.java:1259)
	at org.junit.platform.engine.support.hierarchical.SameThreadHierarchicalTestExecutorService.invokeAll(SameThreadHierarchicalTestExecutorService.java:41)
	at org.junit.platform.engine.support.hierarchical.NodeTestTask.lambda$executeRecursively$6(NodeTestTask.java:155)
	at org.junit.platform.engine.support.hierarchical.ThrowableCollector.execute(ThrowableCollector.java:73)
	at org.junit.platform.engine.support.hierarchical.NodeTestTask.lambda$executeRecursively$8(NodeTestTask.java:141)
	at org.junit.platform.engine.support.hierarchical.Node.around(Node.java:137)
	at org.junit.platform.engine.support.hierarchical.NodeTestTask.lambda$executeRecursively$9(NodeTestTask.java:139)
	at org.junit.platform.engine.support.hierarchical.ThrowableCollector.execute(ThrowableCollector.java:73)
	at org.junit.platform.engine.support.hierarchical.NodeTestTask.executeRecursively(NodeTestTask.java:138)
	at org.junit.platform.engine.support.hierarchical.NodeTestTask.execute(NodeTestTask.java:95)
	at org.junit.platform.engine.support.hierarchical.SameThreadHierarchicalTestExecutorService.submit(SameThreadHierarchicalTestExecutorService.java:35)
	at org.junit.platform.engine.support.hierarchical.HierarchicalTestExecutor.execute(HierarchicalTestExecutor.java:57)
	at org.junit.platform.engine.support.hierarchical.HierarchicalTestEngine.execute(HierarchicalTestEngine.java:54)
	at org.junit.platform.launcher.core.EngineExecutionOrchestrator.execute(EngineExecutionOrchestrator.java:107)
	at org.junit.platform.launcher.core.EngineExecutionOrchestrator.execute(EngineExecutionOrchestrator.java:88)
	at org.junit.platform.launcher.core.EngineExecutionOrchestrator.lambda$execute$0(EngineExecutionOrchestrator.java:54)
	at org.junit.platform.launcher.core.EngineExecutionOrchestrator.withInterceptedStreams(EngineExecutionOrchestrator.java:67)
	at org.junit.platform.launcher.core.EngineExecutionOrchestrator.execute(EngineExecutionOrchestrator.java:52)
	at org.junit.platform.launcher.core.DefaultLauncher.execute(DefaultLauncher.java:114)
	at org.junit.platform.launcher.core.DefaultLauncher.execute(DefaultLauncher.java:86)
	at org.junit.platform.launcher.core.DefaultLauncherSession$DelegatingLauncher.execute(DefaultLauncherSession.java:86)
	at org.junit.platform.launcher.core.SessionPerRequestLauncher.execute(SessionPerRequestLauncher.java:53)
	at com.intellij.junit5.JUnit5IdeaTestRunner.startRunnerWithArgs(JUnit5IdeaTestRunner.java:69)
	at com.intellij.rt.junit.IdeaTestRunner$Repeater.startRunnerWithArgs(IdeaTestRunner.java:33)
	at com.intellij.rt.junit.JUnitStarter.prepareStreamsAndStart(JUnitStarter.java:230)
	at com.intellij.rt.junit.JUnitStarter.main(JUnitStarter.java:58)
Caused by: org.springframework.beans.factory.BeanCreationException: Error creating bean with name 'getValidator' defined in class path resource [com/project/dao/configs/AccountsConfig.class]: Bean instantiation via factory method failed; nested exception is org.springframework.beans.BeanInstantiationException: Failed to instantiate [org.springframework.validation.beanvalidation.LocalValidatorFactoryBean]: Factory method 'getValidator' threw exception; nested exception is javax.validation.ValidationException: HV000183: Unable to initialize 'javax.el.ExpressionFactory'. Check that you have the EL dependencies on the classpath, or use ParameterMessageInterpolator instead
	at org.springframework.beans.factory.support.ConstructorResolver.instantiate(ConstructorResolver.java:658)
	at org.springframework.beans.factory.support.ConstructorResolver.instantiateUsingFactoryMethod(ConstructorResolver.java:638)
	at org.springframework.beans.factory.support.AbstractAutowireCapableBeanFactory.instantiateUsingFactoryMethod(AbstractAutowireCapableBeanFactory.java:1352)
	at org.springframework.beans.factory.support.AbstractAutowireCapableBeanFactory.createBeanInstance(AbstractAutowireCapableBeanFactory.java:1195)
	at org.springframework.beans.factory.support.AbstractAutowireCapableBeanFactory.doCreateBean(AbstractAutowireCapableBeanFactory.java:582)
	at org.springframework.beans.factory.support.AbstractAutowireCapableBeanFactory.createBean(AbstractAutowireCapableBeanFactory.java:542)
	at org.springframework.beans.factory.support.AbstractBeanFactory.lambda$doGetBean$0(AbstractBeanFactory.java:335)
	at org.springframework.beans.factory.support.DefaultSingletonBeanRegistry.getSingleton(DefaultSingletonBeanRegistry.java:234)
	at org.springframework.beans.factory.support.AbstractBeanFactory.doGetBean(AbstractBeanFactory.java:333)
	at org.springframework.beans.factory.support.AbstractBeanFactory.getBean(AbstractBeanFactory.java:208)
	at org.springframework.beans.factory.support.DefaultListableBeanFactory.preInstantiateSingletons(DefaultListableBeanFactory.java:955)
	at org.springframework.context.support.AbstractApplicationContext.finishBeanFactoryInitialization(AbstractApplicationContext.java:920)
	at org.springframework.context.support.AbstractApplicationContext.refresh(AbstractApplicationContext.java:583)
	at org.springframework.boot.SpringApplication.refresh(SpringApplication.java:731)
	at org.springframework.boot.SpringApplication.refreshContext(SpringApplication.java:408)
	at org.springframework.boot.SpringApplication.run(SpringApplication.java:307)
	at org.springframework.boot.test.context.SpringBootContextLoader.loadContext(SpringBootContextLoader.java:136)
	at org.springframework.test.context.cache.DefaultCacheAwareContextLoaderDelegate.loadContextInternal(DefaultCacheAwareContextLoaderDelegate.java:141)
	at org.springframework.test.context.cache.DefaultCacheAwareContextLoaderDelegate.loadContext(DefaultCacheAwareContextLoaderDelegate.java:90)
	... 69 common frames omitted
Caused by: org.springframework.beans.BeanInstantiationException: Failed to instantiate [org.springframework.validation.beanvalidation.LocalValidatorFactoryBean]: Factory method 'getValidator' threw exception; nested exception is javax.validation.ValidationException: HV000183: Unable to initialize 'javax.el.ExpressionFactory'. Check that you have the EL dependencies on the classpath, or use ParameterMessageInterpolator instead
	at org.springframework.beans.factory.support.SimpleInstantiationStrategy.instantiate(SimpleInstantiationStrategy.java:185)
	at org.springframework.beans.factory.support.ConstructorResolver.instantiate(ConstructorResolver.java:653)
	... 87 common frames omitted
Caused by: javax.validation.ValidationException: HV000183: Unable to initialize 'javax.el.ExpressionFactory'. Check that you have the EL dependencies on the classpath, or use ParameterMessageInterpolator instead
	at org.hibernate.validator.messageinterpolation.ResourceBundleMessageInterpolator.buildExpressionFactory(ResourceBundleMessageInterpolator.java:206)
	at org.hibernate.validator.messageinterpolation.ResourceBundleMessageInterpolator.<init>(ResourceBundleMessageInterpolator.java:94)
	at org.hibernate.validator.messageinterpolation.ResourceBundleMessageInterpolator.<init>(ResourceBundleMessageInterpolator.java:50)
	at org.springframework.validation.beanvalidation.LocalValidatorFactoryBean$HibernateValidatorDelegate.buildMessageInterpolator(LocalValidatorFactoryBean.java:480)
	at org.springframework.validation.beanvalidation.LocalValidatorFactoryBean.setValidationMessageSource(LocalValidatorFactoryBean.java:175)
	at com.project.dao.configs.AccountsConfig.getValidator(AccountsConfig.java:23)
	at com.project.dao.configs.AccountsConfig$$EnhancerBySpringCGLIB$$5b193e08.CGLIB$getValidator$1(<generated>)
	at com.project.dao.configs.AccountsConfig$$EnhancerBySpringCGLIB$$5b193e08$$FastClassBySpringCGLIB$$c85b2185.invoke(<generated>)
	at org.springframework.cglib.proxy.MethodProxy.invokeSuper(MethodProxy.java:244)
	at org.springframework.context.annotation.ConfigurationClassEnhancer$BeanMethodInterceptor.intercept(ConfigurationClassEnhancer.java:331)
	at com.project.dao.configs.AccountsConfig$$EnhancerBySpringCGLIB$$5b193e08.getValidator(<generated>)
	at sun.reflect.NativeMethodAccessorImpl.invoke0(Native Method)
	at sun.reflect.NativeMethodAccessorImpl.invoke(NativeMethodAccessorImpl.java:62)
	at sun.reflect.DelegatingMethodAccessorImpl.invoke(DelegatingMethodAccessorImpl.java:43)
	at java.lang.reflect.Method.invoke(Method.java:498)
	at org.springframework.beans.factory.support.SimpleInstantiationStrategy.instantiate(SimpleInstantiationStrategy.java:154)
	... 88 common frames omitted
2024-05-06 07:05:55,627 [INFO] com.project.dao.security.MyBankCustomersService main Status has changed
2024-05-06 07:05:55,643 [INFO] com.project.dao.security.MyBankCustomersService main Attempts are Updated
2024-05-06 07:05:55,674 [INFO] org.springframework.boot.test.context.SpringBootTestContextBootstrapper main Neither @ContextConfiguration nor @ContextHierarchy found for test class [com.project.dao.ValidationTest], using SpringBootContextLoader
2024-05-06 07:05:55,674 [INFO] org.springframework.test.context.support.AbstractContextLoader main Could not detect default resource locations for test class [com.project.dao.ValidationTest]: no resource found for suffixes {-context.xml, Context.groovy}.
2024-05-06 07:05:55,674 [INFO] org.springframework.test.context.support.AnnotationConfigContextLoaderUtils main Could not detect default configuration classes for test class [com.project.dao.ValidationTest]: ValidationTest does not declare any static, non-private, non-final, nested classes annotated with @Configuration.
2024-05-06 07:05:55,690 [INFO] org.springframework.boot.test.context.SpringBootTestContextBootstrapper main Found @SpringBootConfiguration com.project.dao.DemoApplication for test class com.project.dao.ValidationTest
2024-05-06 07:05:55,690 [INFO] org.springframework.boot.test.context.SpringBootTestContextBootstrapper main Loaded default TestExecutionListener class names from location [META-INF/spring.factories]: [org.springframework.boot.test.mock.mockito.MockitoTestExecutionListener, org.springframework.boot.test.mock.mockito.ResetMocksTestExecutionListener, org.springframework.boot.test.autoconfigure.restdocs.RestDocsTestExecutionListener, org.springframework.boot.test.autoconfigure.web.client.MockRestServiceServerResetTestExecutionListener, org.springframework.boot.test.autoconfigure.web.servlet.MockMvcPrintOnlyOnFailureTestExecutionListener, org.springframework.boot.test.autoconfigure.web.servlet.WebDriverTestExecutionListener, org.springframework.boot.test.autoconfigure.webservices.client.MockWebServiceServerTestExecutionListener, org.springframework.test.context.web.ServletTestExecutionListener, org.springframework.test.context.support.DirtiesContextBeforeModesTestExecutionListener, org.springframework.test.context.event.ApplicationEventsTestExecutionListener, org.springframework.test.context.support.DependencyInjectionTestExecutionListener, org.springframework.test.context.support.DirtiesContextTestExecutionListener, org.springframework.test.context.transaction.TransactionalTestExecutionListener, org.springframework.test.context.jdbc.SqlScriptsTestExecutionListener, org.springframework.test.context.event.EventPublishingTestExecutionListener]
2024-05-06 07:05:55,690 [INFO] org.springframework.boot.test.context.SpringBootTestContextBootstrapper main Using TestExecutionListeners: [org.springframework.test.context.web.ServletTestExecutionListener@2da99821, org.springframework.test.context.support.DirtiesContextBeforeModesTestExecutionListener@62cba181, org.springframework.test.context.event.ApplicationEventsTestExecutionListener@1b482cbf, org.springframework.boot.test.mock.mockito.MockitoTestExecutionListener@661fe025, org.springframework.boot.test.autoconfigure.SpringBootDependencyInjectionTestExecutionListener@7161457, org.springframework.test.context.support.DirtiesContextTestExecutionListener@38ee7a9d, org.springframework.test.context.transaction.TransactionalTestExecutionListener@629984eb, org.springframework.test.context.jdbc.SqlScriptsTestExecutionListener@7b1e5e55, org.springframework.test.context.event.EventPublishingTestExecutionListener@4c1d59cd, org.springframework.boot.test.mock.mockito.ResetMocksTestExecutionListener@76cf841, org.springframework.boot.test.autoconfigure.restdocs.RestDocsTestExecutionListener@297c9a9b, org.springframework.boot.test.autoconfigure.web.client.MockRestServiceServerResetTestExecutionListener@20999517, org.springframework.boot.test.autoconfigure.web.servlet.MockMvcPrintOnlyOnFailureTestExecutionListener@6ec63f8, org.springframework.boot.test.autoconfigure.web.servlet.WebDriverTestExecutionListener@66223d94, org.springframework.boot.test.autoconfigure.webservices.client.MockWebServiceServerTestExecutionListener@2bc7db89]
2024-05-06 07:05:55,784 [INFO] com.project.dao.ValidationTest main Starting ValidationTest using Java 1.8.0_292 on WPF45DE29 with PID 2196 (started by xxshetur in C:\DLTE-JavaFullStack-RakeshKumarS-2024\DLTE-FINAL-PROJECT\DLTE-PROJECT-DAO)
2024-05-06 07:05:55,784 [INFO] com.project.dao.ValidationTest main No active profile set, falling back to 1 default profile: "default"
2024-05-06 07:05:56,117 [INFO] org.springframework.data.repository.config.RepositoryConfigurationDelegate main Bootstrapping Spring Data JDBC repositories in DEFAULT mode.
2024-05-06 07:05:56,130 [INFO] org.springframework.data.repository.config.RepositoryConfigurationDelegate main Finished Spring Data repository scanning in 11 ms. Found 0 JDBC repository interfaces.
2024-05-06 07:05:56,438 [WARN] org.springframework.web.context.support.GenericWebApplicationContext main Exception encountered during context initialization - cancelling refresh attempt: org.springframework.beans.factory.BeanCreationException: Error creating bean with name 'getValidator' defined in class path resource [com/project/dao/configs/AccountsConfig.class]: Bean instantiation via factory method failed; nested exception is org.springframework.beans.BeanInstantiationException: Failed to instantiate [org.springframework.validation.beanvalidation.LocalValidatorFactoryBean]: Factory method 'getValidator' threw exception; nested exception is javax.validation.ValidationException: HV000183: Unable to initialize 'javax.el.ExpressionFactory'. Check that you have the EL dependencies on the classpath, or use ParameterMessageInterpolator instead
2024-05-06 07:05:56,444 [INFO] org.springframework.boot.autoconfigure.logging.ConditionEvaluationReportLoggingListener main 

Error starting ApplicationContext. To display the conditions report re-run your application with 'debug' enabled.
2024-05-06 07:05:56,447 [ERROR] org.springframework.boot.SpringApplication main Application run failed
org.springframework.beans.factory.BeanCreationException: Error creating bean with name 'getValidator' defined in class path resource [com/project/dao/configs/AccountsConfig.class]: Bean instantiation via factory method failed; nested exception is org.springframework.beans.BeanInstantiationException: Failed to instantiate [org.springframework.validation.beanvalidation.LocalValidatorFactoryBean]: Factory method 'getValidator' threw exception; nested exception is javax.validation.ValidationException: HV000183: Unable to initialize 'javax.el.ExpressionFactory'. Check that you have the EL dependencies on the classpath, or use ParameterMessageInterpolator instead
	at org.springframework.beans.factory.support.ConstructorResolver.instantiate(ConstructorResolver.java:658) ~[spring-beans-5.3.26.jar:5.3.26]
	at org.springframework.beans.factory.support.ConstructorResolver.instantiateUsingFactoryMethod(ConstructorResolver.java:638) ~[spring-beans-5.3.26.jar:5.3.26]
	at org.springframework.beans.factory.support.AbstractAutowireCapableBeanFactory.instantiateUsingFactoryMethod(AbstractAutowireCapableBeanFactory.java:1352) ~[spring-beans-5.3.26.jar:5.3.26]
	at org.springframework.beans.factory.support.AbstractAutowireCapableBeanFactory.createBeanInstance(AbstractAutowireCapableBeanFactory.java:1195) ~[spring-beans-5.3.26.jar:5.3.26]
	at org.springframework.beans.factory.support.AbstractAutowireCapableBeanFactory.doCreateBean(AbstractAutowireCapableBeanFactory.java:582) ~[spring-beans-5.3.26.jar:5.3.26]
	at org.springframework.beans.factory.support.AbstractAutowireCapableBeanFactory.createBean(AbstractAutowireCapableBeanFactory.java:542) ~[spring-beans-5.3.26.jar:5.3.26]
	at org.springframework.beans.factory.support.AbstractBeanFactory.lambda$doGetBean$0(AbstractBeanFactory.java:335) ~[spring-beans-5.3.26.jar:5.3.26]
	at org.springframework.beans.factory.support.DefaultSingletonBeanRegistry.getSingleton(DefaultSingletonBeanRegistry.java:234) ~[spring-beans-5.3.26.jar:5.3.26]
	at org.springframework.beans.factory.support.AbstractBeanFactory.doGetBean(AbstractBeanFactory.java:333) ~[spring-beans-5.3.26.jar:5.3.26]
	at org.springframework.beans.factory.support.AbstractBeanFactory.getBean(AbstractBeanFactory.java:208) ~[spring-beans-5.3.26.jar:5.3.26]
	at org.springframework.beans.factory.support.DefaultListableBeanFactory.preInstantiateSingletons(DefaultListableBeanFactory.java:955) ~[spring-beans-5.3.26.jar:5.3.26]
	at org.springframework.context.support.AbstractApplicationContext.finishBeanFactoryInitialization(AbstractApplicationContext.java:920) ~[spring-context-5.3.26.jar:5.3.26]
	at org.springframework.context.support.AbstractApplicationContext.refresh(AbstractApplicationContext.java:583) ~[spring-context-5.3.26.jar:5.3.26]
	at org.springframework.boot.SpringApplication.refresh(SpringApplication.java:731) ~[spring-boot-2.7.10.jar:2.7.10]
	at org.springframework.boot.SpringApplication.refreshContext(SpringApplication.java:408) ~[spring-boot-2.7.10.jar:2.7.10]
	at org.springframework.boot.SpringApplication.run(SpringApplication.java:307) ~[spring-boot-2.7.10.jar:2.7.10]
	at org.springframework.boot.test.context.SpringBootContextLoader.loadContext(SpringBootContextLoader.java:136) [spring-boot-test-2.7.10.jar:2.7.10]
	at org.springframework.test.context.cache.DefaultCacheAwareContextLoaderDelegate.loadContextInternal(DefaultCacheAwareContextLoaderDelegate.java:141) [spring-test-5.3.26.jar:5.3.26]
	at org.springframework.test.context.cache.DefaultCacheAwareContextLoaderDelegate.loadContext(DefaultCacheAwareContextLoaderDelegate.java:90) [spring-test-5.3.26.jar:5.3.26]
	at org.springframework.test.context.support.DefaultTestContext.getApplicationContext(DefaultTestContext.java:124) [spring-test-5.3.26.jar:5.3.26]
	at org.springframework.test.context.web.ServletTestExecutionListener.setUpRequestContextIfNecessary(ServletTestExecutionListener.java:190) [spring-test-5.3.26.jar:5.3.26]
	at org.springframework.test.context.web.ServletTestExecutionListener.prepareTestInstance(ServletTestExecutionListener.java:132) [spring-test-5.3.26.jar:5.3.26]
	at org.springframework.test.context.TestContextManager.prepareTestInstance(TestContextManager.java:248) [spring-test-5.3.26.jar:5.3.26]
	at org.springframework.test.context.junit.jupiter.SpringExtension.postProcessTestInstance(SpringExtension.java:138) [spring-test-5.3.26.jar:5.3.26]
	at org.junit.jupiter.engine.descriptor.ClassBasedTestDescriptor.lambda$invokeTestInstancePostProcessors$8(ClassBasedTestDescriptor.java:363) [junit-jupiter-engine-5.8.2.jar:5.8.2]
	at org.junit.jupiter.engine.descriptor.ClassBasedTestDescriptor.executeAndMaskThrowable(ClassBasedTestDescriptor.java:368) [junit-jupiter-engine-5.8.2.jar:5.8.2]
	at org.junit.jupiter.engine.descriptor.ClassBasedTestDescriptor.lambda$invokeTestInstancePostProcessors$9(ClassBasedTestDescriptor.java:363) [junit-jupiter-engine-5.8.2.jar:5.8.2]
	at java.util.stream.ReferencePipeline$3$1.accept(ReferencePipeline.java:193) ~[na:1.8.0_292]
	at java.util.stream.ReferencePipeline$2$1.accept(ReferencePipeline.java:175) ~[na:1.8.0_292]
	at java.util.ArrayList$ArrayListSpliterator.forEachRemaining(ArrayList.java:1384) ~[na:1.8.0_292]
	at java.util.stream.AbstractPipeline.copyInto(AbstractPipeline.java:482) ~[na:1.8.0_292]
	at java.util.stream.AbstractPipeline.wrapAndCopyInto(AbstractPipeline.java:472) ~[na:1.8.0_292]
	at java.util.stream.StreamSpliterators$WrappingSpliterator.forEachRemaining(StreamSpliterators.java:313) ~[na:1.8.0_292]
	at java.util.stream.Streams$ConcatSpliterator.forEachRemaining(Streams.java:743) ~[na:1.8.0_292]
	at java.util.stream.Streams$ConcatSpliterator.forEachRemaining(Streams.java:742) ~[na:1.8.0_292]
	at java.util.stream.ReferencePipeline$Head.forEach(ReferencePipeline.java:647) ~[na:1.8.0_292]
	at org.junit.jupiter.engine.descriptor.ClassBasedTestDescriptor.invokeTestInstancePostProcessors(ClassBasedTestDescriptor.java:362) [junit-jupiter-engine-5.8.2.jar:5.8.2]
	at org.junit.jupiter.engine.descriptor.ClassBasedTestDescriptor.lambda$instantiateAndPostProcessTestInstance$6(ClassBasedTestDescriptor.java:283) [junit-jupiter-engine-5.8.2.jar:5.8.2]
	at org.junit.platform.engine.support.hierarchical.ThrowableCollector.execute(ThrowableCollector.java:73) ~[junit-platform-engine-1.8.2.jar:1.8.2]
	at org.junit.jupiter.engine.descriptor.ClassBasedTestDescriptor.instantiateAndPostProcessTestInstance(ClassBasedTestDescriptor.java:282) [junit-jupiter-engine-5.8.2.jar:5.8.2]
	at org.junit.jupiter.engine.descriptor.ClassBasedTestDescriptor.lambda$testInstancesProvider$4(ClassBasedTestDescriptor.java:272) [junit-jupiter-engine-5.8.2.jar:5.8.2]
	at java.util.Optional.orElseGet(Optional.java:267) ~[na:1.8.0_292]
	at org.junit.jupiter.engine.descriptor.ClassBasedTestDescriptor.lambda$testInstancesProvider$5(ClassBasedTestDescriptor.java:271) [junit-jupiter-engine-5.8.2.jar:5.8.2]
	at org.junit.jupiter.engine.execution.TestInstancesProvider.getTestInstances(TestInstancesProvider.java:31) ~[junit-jupiter-engine-5.8.2.jar:5.8.2]
	at org.junit.jupiter.engine.descriptor.TestMethodTestDescriptor.lambda$prepare$0(TestMethodTestDescriptor.java:102) ~[junit-jupiter-engine-5.8.2.jar:5.8.2]
	at org.junit.platform.engine.support.hierarchical.ThrowableCollector.execute(ThrowableCollector.java:73) ~[junit-platform-engine-1.8.2.jar:1.8.2]
	at org.junit.jupiter.engine.descriptor.TestMethodTestDescriptor.prepare(TestMethodTestDescriptor.java:101) ~[junit-jupiter-engine-5.8.2.jar:5.8.2]
	at org.junit.jupiter.engine.descriptor.TestMethodTestDescriptor.prepare(TestMethodTestDescriptor.java:66) ~[junit-jupiter-engine-5.8.2.jar:5.8.2]
	at org.junit.platform.engine.support.hierarchical.NodeTestTask.lambda$prepare$2(NodeTestTask.java:123) ~[junit-platform-engine-1.8.2.jar:1.8.2]
	at org.junit.platform.engine.support.hierarchical.ThrowableCollector.execute(ThrowableCollector.java:73) ~[junit-platform-engine-1.8.2.jar:1.8.2]
	at org.junit.platform.engine.support.hierarchical.NodeTestTask.prepare(NodeTestTask.java:123) ~[junit-platform-engine-1.8.2.jar:1.8.2]
	at org.junit.platform.engine.support.hierarchical.NodeTestTask.execute(NodeTestTask.java:90) ~[junit-platform-engine-1.8.2.jar:1.8.2]
	at java.util.ArrayList.forEach(ArrayList.java:1259) ~[na:1.8.0_292]
	at org.junit.platform.engine.support.hierarchical.SameThreadHierarchicalTestExecutorService.invokeAll(SameThreadHierarchicalTestExecutorService.java:41) ~[junit-platform-engine-1.8.2.jar:1.8.2]
	at org.junit.platform.engine.support.hierarchical.NodeTestTask.lambda$executeRecursively$6(NodeTestTask.java:155) ~[junit-platform-engine-1.8.2.jar:1.8.2]
	at org.junit.platform.engine.support.hierarchical.ThrowableCollector.execute(ThrowableCollector.java:73) ~[junit-platform-engine-1.8.2.jar:1.8.2]
	at org.junit.platform.engine.support.hierarchical.NodeTestTask.lambda$executeRecursively$8(NodeTestTask.java:141) ~[junit-platform-engine-1.8.2.jar:1.8.2]
	at org.junit.platform.engine.support.hierarchical.Node.around(Node.java:137) ~[junit-platform-engine-1.8.2.jar:1.8.2]
	at org.junit.platform.engine.support.hierarchical.NodeTestTask.lambda$executeRecursively$9(NodeTestTask.java:139) ~[junit-platform-engine-1.8.2.jar:1.8.2]
	at org.junit.platform.engine.support.hierarchical.ThrowableCollector.execute(ThrowableCollector.java:73) ~[junit-platform-engine-1.8.2.jar:1.8.2]
	at org.junit.platform.engine.support.hierarchical.NodeTestTask.executeRecursively(NodeTestTask.java:138) ~[junit-platform-engine-1.8.2.jar:1.8.2]
	at org.junit.platform.engine.support.hierarchical.NodeTestTask.execute(NodeTestTask.java:95) ~[junit-platform-engine-1.8.2.jar:1.8.2]
	at java.util.ArrayList.forEach(ArrayList.java:1259) ~[na:1.8.0_292]
	at org.junit.platform.engine.support.hierarchical.SameThreadHierarchicalTestExecutorService.invokeAll(SameThreadHierarchicalTestExecutorService.java:41) ~[junit-platform-engine-1.8.2.jar:1.8.2]
	at org.junit.platform.engine.support.hierarchical.NodeTestTask.lambda$executeRecursively$6(NodeTestTask.java:155) ~[junit-platform-engine-1.8.2.jar:1.8.2]
	at org.junit.platform.engine.support.hierarchical.ThrowableCollector.execute(ThrowableCollector.java:73) ~[junit-platform-engine-1.8.2.jar:1.8.2]
	at org.junit.platform.engine.support.hierarchical.NodeTestTask.lambda$executeRecursively$8(NodeTestTask.java:141) ~[junit-platform-engine-1.8.2.jar:1.8.2]
	at org.junit.platform.engine.support.hierarchical.Node.around(Node.java:137) ~[junit-platform-engine-1.8.2.jar:1.8.2]
	at org.junit.platform.engine.support.hierarchical.NodeTestTask.lambda$executeRecursively$9(NodeTestTask.java:139) ~[junit-platform-engine-1.8.2.jar:1.8.2]
	at org.junit.platform.engine.support.hierarchical.ThrowableCollector.execute(ThrowableCollector.java:73) ~[junit-platform-engine-1.8.2.jar:1.8.2]
	at org.junit.platform.engine.support.hierarchical.NodeTestTask.executeRecursively(NodeTestTask.java:138) ~[junit-platform-engine-1.8.2.jar:1.8.2]
	at org.junit.platform.engine.support.hierarchical.NodeTestTask.execute(NodeTestTask.java:95) ~[junit-platform-engine-1.8.2.jar:1.8.2]
	at org.junit.platform.engine.support.hierarchical.SameThreadHierarchicalTestExecutorService.submit(SameThreadHierarchicalTestExecutorService.java:35) ~[junit-platform-engine-1.8.2.jar:1.8.2]
	at org.junit.platform.engine.support.hierarchical.HierarchicalTestExecutor.execute(HierarchicalTestExecutor.java:57) ~[junit-platform-engine-1.8.2.jar:1.8.2]
	at org.junit.platform.engine.support.hierarchical.HierarchicalTestEngine.execute(HierarchicalTestEngine.java:54) ~[junit-platform-engine-1.8.2.jar:1.8.2]
	at org.junit.platform.launcher.core.EngineExecutionOrchestrator.execute(EngineExecutionOrchestrator.java:107) ~[junit-platform-launcher-1.8.2.jar:1.8.2]
	at org.junit.platform.launcher.core.EngineExecutionOrchestrator.execute(EngineExecutionOrchestrator.java:88) ~[junit-platform-launcher-1.8.2.jar:1.8.2]
	at org.junit.platform.launcher.core.EngineExecutionOrchestrator.lambda$execute$0(EngineExecutionOrchestrator.java:54) ~[junit-platform-launcher-1.8.2.jar:1.8.2]
	at org.junit.platform.launcher.core.EngineExecutionOrchestrator.withInterceptedStreams(EngineExecutionOrchestrator.java:67) ~[junit-platform-launcher-1.8.2.jar:1.8.2]
	at org.junit.platform.launcher.core.EngineExecutionOrchestrator.execute(EngineExecutionOrchestrator.java:52) ~[junit-platform-launcher-1.8.2.jar:1.8.2]
	at org.junit.platform.launcher.core.DefaultLauncher.execute(DefaultLauncher.java:114) ~[junit-platform-launcher-1.8.2.jar:1.8.2]
	at org.junit.platform.launcher.core.DefaultLauncher.execute(DefaultLauncher.java:86) ~[junit-platform-launcher-1.8.2.jar:1.8.2]
	at org.junit.platform.launcher.core.DefaultLauncherSession$DelegatingLauncher.execute(DefaultLauncherSession.java:86) ~[junit-platform-launcher-1.8.2.jar:1.8.2]
	at org.junit.platform.launcher.core.SessionPerRequestLauncher.execute(SessionPerRequestLauncher.java:53) ~[junit-platform-launcher-1.8.2.jar:1.8.2]
	at com.intellij.junit5.JUnit5IdeaTestRunner.startRunnerWithArgs(JUnit5IdeaTestRunner.java:69) ~[junit5-rt.jar:na]
	at com.intellij.rt.junit.IdeaTestRunner$Repeater.startRunnerWithArgs(IdeaTestRunner.java:33) ~[junit-rt.jar:na]
	at com.intellij.rt.junit.JUnitStarter.prepareStreamsAndStart(JUnitStarter.java:230) ~[junit-rt.jar:na]
	at com.intellij.rt.junit.JUnitStarter.main(JUnitStarter.java:58) ~[junit-rt.jar:na]
Caused by: org.springframework.beans.BeanInstantiationException: Failed to instantiate [org.springframework.validation.beanvalidation.LocalValidatorFactoryBean]: Factory method 'getValidator' threw exception; nested exception is javax.validation.ValidationException: HV000183: Unable to initialize 'javax.el.ExpressionFactory'. Check that you have the EL dependencies on the classpath, or use ParameterMessageInterpolator instead
	at org.springframework.beans.factory.support.SimpleInstantiationStrategy.instantiate(SimpleInstantiationStrategy.java:185) ~[spring-beans-5.3.26.jar:5.3.26]
	at org.springframework.beans.factory.support.ConstructorResolver.instantiate(ConstructorResolver.java:653) ~[spring-beans-5.3.26.jar:5.3.26]
	... 87 common frames omitted
Caused by: javax.validation.ValidationException: HV000183: Unable to initialize 'javax.el.ExpressionFactory'. Check that you have the EL dependencies on the classpath, or use ParameterMessageInterpolator instead
	at org.hibernate.validator.messageinterpolation.ResourceBundleMessageInterpolator.buildExpressionFactory(ResourceBundleMessageInterpolator.java:206) ~[hibernate-validator-6.2.5.Final.jar:6.2.5.Final]
	at org.hibernate.validator.messageinterpolation.ResourceBundleMessageInterpolator.<init>(ResourceBundleMessageInterpolator.java:94) ~[hibernate-validator-6.2.5.Final.jar:6.2.5.Final]
	at org.hibernate.validator.messageinterpolation.ResourceBundleMessageInterpolator.<init>(ResourceBundleMessageInterpolator.java:50) ~[hibernate-validator-6.2.5.Final.jar:6.2.5.Final]
	at org.springframework.validation.beanvalidation.LocalValidatorFactoryBean$HibernateValidatorDelegate.buildMessageInterpolator(LocalValidatorFactoryBean.java:480) ~[spring-context-5.3.26.jar:5.3.26]
	at org.springframework.validation.beanvalidation.LocalValidatorFactoryBean.setValidationMessageSource(LocalValidatorFactoryBean.java:175) ~[spring-context-5.3.26.jar:5.3.26]
	at com.project.dao.configs.AccountsConfig.getValidator(AccountsConfig.java:23) ~[classes/:na]
	at com.project.dao.configs.AccountsConfig$$EnhancerBySpringCGLIB$$5b193e08.CGLIB$getValidator$1(<generated>) ~[classes/:na]
	at com.project.dao.configs.AccountsConfig$$EnhancerBySpringCGLIB$$5b193e08$$FastClassBySpringCGLIB$$c85b2185.invoke(<generated>) ~[classes/:na]
	at org.springframework.cglib.proxy.MethodProxy.invokeSuper(MethodProxy.java:244) ~[spring-core-5.3.26.jar:5.3.26]
	at org.springframework.context.annotation.ConfigurationClassEnhancer$BeanMethodInterceptor.intercept(ConfigurationClassEnhancer.java:331) ~[spring-context-5.3.26.jar:5.3.26]
	at com.project.dao.configs.AccountsConfig$$EnhancerBySpringCGLIB$$5b193e08.getValidator(<generated>) ~[classes/:na]
	at sun.reflect.NativeMethodAccessorImpl.invoke0(Native Method) ~[na:1.8.0_292]
	at sun.reflect.NativeMethodAccessorImpl.invoke(NativeMethodAccessorImpl.java:62) ~[na:1.8.0_292]
	at sun.reflect.DelegatingMethodAccessorImpl.invoke(DelegatingMethodAccessorImpl.java:43) ~[na:1.8.0_292]
	at java.lang.reflect.Method.invoke(Method.java:498) ~[na:1.8.0_292]
	at org.springframework.beans.factory.support.SimpleInstantiationStrategy.instantiate(SimpleInstantiationStrategy.java:154) ~[spring-beans-5.3.26.jar:5.3.26]
	... 88 common frames omitted
2024-05-06 07:05:56,459 [ERROR] org.springframework.test.context.TestContextManager main Caught exception while allowing TestExecutionListener [org.springframework.test.context.web.ServletTestExecutionListener@2da99821] to prepare test instance [com.project.dao.ValidationTest@4dcbae55]
java.lang.IllegalStateException: Failed to load ApplicationContext
	at org.springframework.test.context.cache.DefaultCacheAwareContextLoaderDelegate.loadContext(DefaultCacheAwareContextLoaderDelegate.java:98) ~[spring-test-5.3.26.jar:5.3.26]
	at org.springframework.test.context.support.DefaultTestContext.getApplicationContext(DefaultTestContext.java:124) ~[spring-test-5.3.26.jar:5.3.26]
	at org.springframework.test.context.web.ServletTestExecutionListener.setUpRequestContextIfNecessary(ServletTestExecutionListener.java:190) ~[spring-test-5.3.26.jar:5.3.26]
	at org.springframework.test.context.web.ServletTestExecutionListener.prepareTestInstance(ServletTestExecutionListener.java:132) ~[spring-test-5.3.26.jar:5.3.26]
	at org.springframework.test.context.TestContextManager.prepareTestInstance(TestContextManager.java:248) ~[spring-test-5.3.26.jar:5.3.26]
	at org.springframework.test.context.junit.jupiter.SpringExtension.postProcessTestInstance(SpringExtension.java:138) [spring-test-5.3.26.jar:5.3.26]
	at org.junit.jupiter.engine.descriptor.ClassBasedTestDescriptor.lambda$invokeTestInstancePostProcessors$8(ClassBasedTestDescriptor.java:363) [junit-jupiter-engine-5.8.2.jar:5.8.2]
	at org.junit.jupiter.engine.descriptor.ClassBasedTestDescriptor.executeAndMaskThrowable(ClassBasedTestDescriptor.java:368) [junit-jupiter-engine-5.8.2.jar:5.8.2]
	at org.junit.jupiter.engine.descriptor.ClassBasedTestDescriptor.lambda$invokeTestInstancePostProcessors$9(ClassBasedTestDescriptor.java:363) [junit-jupiter-engine-5.8.2.jar:5.8.2]
	at java.util.stream.ReferencePipeline$3$1.accept(ReferencePipeline.java:193) ~[na:1.8.0_292]
	at java.util.stream.ReferencePipeline$2$1.accept(ReferencePipeline.java:175) ~[na:1.8.0_292]
	at java.util.ArrayList$ArrayListSpliterator.forEachRemaining(ArrayList.java:1384) ~[na:1.8.0_292]
	at java.util.stream.AbstractPipeline.copyInto(AbstractPipeline.java:482) ~[na:1.8.0_292]
	at java.util.stream.AbstractPipeline.wrapAndCopyInto(AbstractPipeline.java:472) ~[na:1.8.0_292]
	at java.util.stream.StreamSpliterators$WrappingSpliterator.forEachRemaining(StreamSpliterators.java:313) ~[na:1.8.0_292]
	at java.util.stream.Streams$ConcatSpliterator.forEachRemaining(Streams.java:743) ~[na:1.8.0_292]
	at java.util.stream.Streams$ConcatSpliterator.forEachRemaining(Streams.java:742) ~[na:1.8.0_292]
	at java.util.stream.ReferencePipeline$Head.forEach(ReferencePipeline.java:647) ~[na:1.8.0_292]
	at org.junit.jupiter.engine.descriptor.ClassBasedTestDescriptor.invokeTestInstancePostProcessors(ClassBasedTestDescriptor.java:362) [junit-jupiter-engine-5.8.2.jar:5.8.2]
	at org.junit.jupiter.engine.descriptor.ClassBasedTestDescriptor.lambda$instantiateAndPostProcessTestInstance$6(ClassBasedTestDescriptor.java:283) [junit-jupiter-engine-5.8.2.jar:5.8.2]
	at org.junit.platform.engine.support.hierarchical.ThrowableCollector.execute(ThrowableCollector.java:73) ~[junit-platform-engine-1.8.2.jar:1.8.2]
	at org.junit.jupiter.engine.descriptor.ClassBasedTestDescriptor.instantiateAndPostProcessTestInstance(ClassBasedTestDescriptor.java:282) [junit-jupiter-engine-5.8.2.jar:5.8.2]
	at org.junit.jupiter.engine.descriptor.ClassBasedTestDescriptor.lambda$testInstancesProvider$4(ClassBasedTestDescriptor.java:272) [junit-jupiter-engine-5.8.2.jar:5.8.2]
	at java.util.Optional.orElseGet(Optional.java:267) ~[na:1.8.0_292]
	at org.junit.jupiter.engine.descriptor.ClassBasedTestDescriptor.lambda$testInstancesProvider$5(ClassBasedTestDescriptor.java:271) [junit-jupiter-engine-5.8.2.jar:5.8.2]
	at org.junit.jupiter.engine.execution.TestInstancesProvider.getTestInstances(TestInstancesProvider.java:31) ~[junit-jupiter-engine-5.8.2.jar:5.8.2]
	at org.junit.jupiter.engine.descriptor.TestMethodTestDescriptor.lambda$prepare$0(TestMethodTestDescriptor.java:102) ~[junit-jupiter-engine-5.8.2.jar:5.8.2]
	at org.junit.platform.engine.support.hierarchical.ThrowableCollector.execute(ThrowableCollector.java:73) ~[junit-platform-engine-1.8.2.jar:1.8.2]
	at org.junit.jupiter.engine.descriptor.TestMethodTestDescriptor.prepare(TestMethodTestDescriptor.java:101) ~[junit-jupiter-engine-5.8.2.jar:5.8.2]
	at org.junit.jupiter.engine.descriptor.TestMethodTestDescriptor.prepare(TestMethodTestDescriptor.java:66) ~[junit-jupiter-engine-5.8.2.jar:5.8.2]
	at org.junit.platform.engine.support.hierarchical.NodeTestTask.lambda$prepare$2(NodeTestTask.java:123) ~[junit-platform-engine-1.8.2.jar:1.8.2]
	at org.junit.platform.engine.support.hierarchical.ThrowableCollector.execute(ThrowableCollector.java:73) ~[junit-platform-engine-1.8.2.jar:1.8.2]
	at org.junit.platform.engine.support.hierarchical.NodeTestTask.prepare(NodeTestTask.java:123) ~[junit-platform-engine-1.8.2.jar:1.8.2]
	at org.junit.platform.engine.support.hierarchical.NodeTestTask.execute(NodeTestTask.java:90) ~[junit-platform-engine-1.8.2.jar:1.8.2]
	at java.util.ArrayList.forEach(ArrayList.java:1259) ~[na:1.8.0_292]
	at org.junit.platform.engine.support.hierarchical.SameThreadHierarchicalTestExecutorService.invokeAll(SameThreadHierarchicalTestExecutorService.java:41) ~[junit-platform-engine-1.8.2.jar:1.8.2]
	at org.junit.platform.engine.support.hierarchical.NodeTestTask.lambda$executeRecursively$6(NodeTestTask.java:155) ~[junit-platform-engine-1.8.2.jar:1.8.2]
	at org.junit.platform.engine.support.hierarchical.ThrowableCollector.execute(ThrowableCollector.java:73) ~[junit-platform-engine-1.8.2.jar:1.8.2]
	at org.junit.platform.engine.support.hierarchical.NodeTestTask.lambda$executeRecursively$8(NodeTestTask.java:141) ~[junit-platform-engine-1.8.2.jar:1.8.2]
	at org.junit.platform.engine.support.hierarchical.Node.around(Node.java:137) ~[junit-platform-engine-1.8.2.jar:1.8.2]
	at org.junit.platform.engine.support.hierarchical.NodeTestTask.lambda$executeRecursively$9(NodeTestTask.java:139) ~[junit-platform-engine-1.8.2.jar:1.8.2]
	at org.junit.platform.engine.support.hierarchical.ThrowableCollector.execute(ThrowableCollector.java:73) ~[junit-platform-engine-1.8.2.jar:1.8.2]
	at org.junit.platform.engine.support.hierarchical.NodeTestTask.executeRecursively(NodeTestTask.java:138) ~[junit-platform-engine-1.8.2.jar:1.8.2]
	at org.junit.platform.engine.support.hierarchical.NodeTestTask.execute(NodeTestTask.java:95) ~[junit-platform-engine-1.8.2.jar:1.8.2]
	at java.util.ArrayList.forEach(ArrayList.java:1259) ~[na:1.8.0_292]
	at org.junit.platform.engine.support.hierarchical.SameThreadHierarchicalTestExecutorService.invokeAll(SameThreadHierarchicalTestExecutorService.java:41) ~[junit-platform-engine-1.8.2.jar:1.8.2]
	at org.junit.platform.engine.support.hierarchical.NodeTestTask.lambda$executeRecursively$6(NodeTestTask.java:155) ~[junit-platform-engine-1.8.2.jar:1.8.2]
	at org.junit.platform.engine.support.hierarchical.ThrowableCollector.execute(ThrowableCollector.java:73) ~[junit-platform-engine-1.8.2.jar:1.8.2]
	at org.junit.platform.engine.support.hierarchical.NodeTestTask.lambda$executeRecursively$8(NodeTestTask.java:141) ~[junit-platform-engine-1.8.2.jar:1.8.2]
	at org.junit.platform.engine.support.hierarchical.Node.around(Node.java:137) ~[junit-platform-engine-1.8.2.jar:1.8.2]
	at org.junit.platform.engine.support.hierarchical.NodeTestTask.lambda$executeRecursively$9(NodeTestTask.java:139) ~[junit-platform-engine-1.8.2.jar:1.8.2]
	at org.junit.platform.engine.support.hierarchical.ThrowableCollector.execute(ThrowableCollector.java:73) ~[junit-platform-engine-1.8.2.jar:1.8.2]
	at org.junit.platform.engine.support.hierarchical.NodeTestTask.executeRecursively(NodeTestTask.java:138) ~[junit-platform-engine-1.8.2.jar:1.8.2]
	at org.junit.platform.engine.support.hierarchical.NodeTestTask.execute(NodeTestTask.java:95) ~[junit-platform-engine-1.8.2.jar:1.8.2]
	at org.junit.platform.engine.support.hierarchical.SameThreadHierarchicalTestExecutorService.submit(SameThreadHierarchicalTestExecutorService.java:35) ~[junit-platform-engine-1.8.2.jar:1.8.2]
	at org.junit.platform.engine.support.hierarchical.HierarchicalTestExecutor.execute(HierarchicalTestExecutor.java:57) ~[junit-platform-engine-1.8.2.jar:1.8.2]
	at org.junit.platform.engine.support.hierarchical.HierarchicalTestEngine.execute(HierarchicalTestEngine.java:54) ~[junit-platform-engine-1.8.2.jar:1.8.2]
	at org.junit.platform.launcher.core.EngineExecutionOrchestrator.execute(EngineExecutionOrchestrator.java:107) ~[junit-platform-launcher-1.8.2.jar:1.8.2]
	at org.junit.platform.launcher.core.EngineExecutionOrchestrator.execute(EngineExecutionOrchestrator.java:88) ~[junit-platform-launcher-1.8.2.jar:1.8.2]
	at org.junit.platform.launcher.core.EngineExecutionOrchestrator.lambda$execute$0(EngineExecutionOrchestrator.java:54) ~[junit-platform-launcher-1.8.2.jar:1.8.2]
	at org.junit.platform.launcher.core.EngineExecutionOrchestrator.withInterceptedStreams(EngineExecutionOrchestrator.java:67) ~[junit-platform-launcher-1.8.2.jar:1.8.2]
	at org.junit.platform.launcher.core.EngineExecutionOrchestrator.execute(EngineExecutionOrchestrator.java:52) ~[junit-platform-launcher-1.8.2.jar:1.8.2]
	at org.junit.platform.launcher.core.DefaultLauncher.execute(DefaultLauncher.java:114) ~[junit-platform-launcher-1.8.2.jar:1.8.2]
	at org.junit.platform.launcher.core.DefaultLauncher.execute(DefaultLauncher.java:86) ~[junit-platform-launcher-1.8.2.jar:1.8.2]
	at org.junit.platform.launcher.core.DefaultLauncherSession$DelegatingLauncher.execute(DefaultLauncherSession.java:86) ~[junit-platform-launcher-1.8.2.jar:1.8.2]
	at org.junit.platform.launcher.core.SessionPerRequestLauncher.execute(SessionPerRequestLauncher.java:53) ~[junit-platform-launcher-1.8.2.jar:1.8.2]
	at com.intellij.junit5.JUnit5IdeaTestRunner.startRunnerWithArgs(JUnit5IdeaTestRunner.java:69) ~[junit5-rt.jar:na]
	at com.intellij.rt.junit.IdeaTestRunner$Repeater.startRunnerWithArgs(IdeaTestRunner.java:33) ~[junit-rt.jar:na]
	at com.intellij.rt.junit.JUnitStarter.prepareStreamsAndStart(JUnitStarter.java:230) ~[junit-rt.jar:na]
	at com.intellij.rt.junit.JUnitStarter.main(JUnitStarter.java:58) ~[junit-rt.jar:na]
Caused by: org.springframework.beans.factory.BeanCreationException: Error creating bean with name 'getValidator' defined in class path resource [com/project/dao/configs/AccountsConfig.class]: Bean instantiation via factory method failed; nested exception is org.springframework.beans.BeanInstantiationException: Failed to instantiate [org.springframework.validation.beanvalidation.LocalValidatorFactoryBean]: Factory method 'getValidator' threw exception; nested exception is javax.validation.ValidationException: HV000183: Unable to initialize 'javax.el.ExpressionFactory'. Check that you have the EL dependencies on the classpath, or use ParameterMessageInterpolator instead
	at org.springframework.beans.factory.support.ConstructorResolver.instantiate(ConstructorResolver.java:658) ~[spring-beans-5.3.26.jar:5.3.26]
	at org.springframework.beans.factory.support.ConstructorResolver.instantiateUsingFactoryMethod(ConstructorResolver.java:638) ~[spring-beans-5.3.26.jar:5.3.26]
	at org.springframework.beans.factory.support.AbstractAutowireCapableBeanFactory.instantiateUsingFactoryMethod(AbstractAutowireCapableBeanFactory.java:1352) ~[spring-beans-5.3.26.jar:5.3.26]
	at org.springframework.beans.factory.support.AbstractAutowireCapableBeanFactory.createBeanInstance(AbstractAutowireCapableBeanFactory.java:1195) ~[spring-beans-5.3.26.jar:5.3.26]
	at org.springframework.beans.factory.support.AbstractAutowireCapableBeanFactory.doCreateBean(AbstractAutowireCapableBeanFactory.java:582) ~[spring-beans-5.3.26.jar:5.3.26]
	at org.springframework.beans.factory.support.AbstractAutowireCapableBeanFactory.createBean(AbstractAutowireCapableBeanFactory.java:542) ~[spring-beans-5.3.26.jar:5.3.26]
	at org.springframework.beans.factory.support.AbstractBeanFactory.lambda$doGetBean$0(AbstractBeanFactory.java:335) ~[spring-beans-5.3.26.jar:5.3.26]
	at org.springframework.beans.factory.support.DefaultSingletonBeanRegistry.getSingleton(DefaultSingletonBeanRegistry.java:234) ~[spring-beans-5.3.26.jar:5.3.26]
	at org.springframework.beans.factory.support.AbstractBeanFactory.doGetBean(AbstractBeanFactory.java:333) ~[spring-beans-5.3.26.jar:5.3.26]
	at org.springframework.beans.factory.support.AbstractBeanFactory.getBean(AbstractBeanFactory.java:208) ~[spring-beans-5.3.26.jar:5.3.26]
	at org.springframework.beans.factory.support.DefaultListableBeanFactory.preInstantiateSingletons(DefaultListableBeanFactory.java:955) ~[spring-beans-5.3.26.jar:5.3.26]
	at org.springframework.context.support.AbstractApplicationContext.finishBeanFactoryInitialization(AbstractApplicationContext.java:920) ~[spring-context-5.3.26.jar:5.3.26]
	at org.springframework.context.support.AbstractApplicationContext.refresh(AbstractApplicationContext.java:583) ~[spring-context-5.3.26.jar:5.3.26]
	at org.springframework.boot.SpringApplication.refresh(SpringApplication.java:731) ~[spring-boot-2.7.10.jar:2.7.10]
	at org.springframework.boot.SpringApplication.refreshContext(SpringApplication.java:408) ~[spring-boot-2.7.10.jar:2.7.10]
	at org.springframework.boot.SpringApplication.run(SpringApplication.java:307) ~[spring-boot-2.7.10.jar:2.7.10]
	at org.springframework.boot.test.context.SpringBootContextLoader.loadContext(SpringBootContextLoader.java:136) ~[spring-boot-test-2.7.10.jar:2.7.10]
	at org.springframework.test.context.cache.DefaultCacheAwareContextLoaderDelegate.loadContextInternal(DefaultCacheAwareContextLoaderDelegate.java:141) ~[spring-test-5.3.26.jar:5.3.26]
	at org.springframework.test.context.cache.DefaultCacheAwareContextLoaderDelegate.loadContext(DefaultCacheAwareContextLoaderDelegate.java:90) ~[spring-test-5.3.26.jar:5.3.26]
	... 69 common frames omitted
Caused by: org.springframework.beans.BeanInstantiationException: Failed to instantiate [org.springframework.validation.beanvalidation.LocalValidatorFactoryBean]: Factory method 'getValidator' threw exception; nested exception is javax.validation.ValidationException: HV000183: Unable to initialize 'javax.el.ExpressionFactory'. Check that you have the EL dependencies on the classpath, or use ParameterMessageInterpolator instead
	at org.springframework.beans.factory.support.SimpleInstantiationStrategy.instantiate(SimpleInstantiationStrategy.java:185) ~[spring-beans-5.3.26.jar:5.3.26]
	at org.springframework.beans.factory.support.ConstructorResolver.instantiate(ConstructorResolver.java:653) ~[spring-beans-5.3.26.jar:5.3.26]
	... 87 common frames omitted
Caused by: javax.validation.ValidationException: HV000183: Unable to initialize 'javax.el.ExpressionFactory'. Check that you have the EL dependencies on the classpath, or use ParameterMessageInterpolator instead
	at org.hibernate.validator.messageinterpolation.ResourceBundleMessageInterpolator.buildExpressionFactory(ResourceBundleMessageInterpolator.java:206) ~[hibernate-validator-6.2.5.Final.jar:6.2.5.Final]
	at org.hibernate.validator.messageinterpolation.ResourceBundleMessageInterpolator.<init>(ResourceBundleMessageInterpolator.java:94) ~[hibernate-validator-6.2.5.Final.jar:6.2.5.Final]
	at org.hibernate.validator.messageinterpolation.ResourceBundleMessageInterpolator.<init>(ResourceBundleMessageInterpolator.java:50) ~[hibernate-validator-6.2.5.Final.jar:6.2.5.Final]
	at org.springframework.validation.beanvalidation.LocalValidatorFactoryBean$HibernateValidatorDelegate.buildMessageInterpolator(LocalValidatorFactoryBean.java:480) ~[spring-context-5.3.26.jar:5.3.26]
	at org.springframework.validation.beanvalidation.LocalValidatorFactoryBean.setValidationMessageSource(LocalValidatorFactoryBean.java:175) ~[spring-context-5.3.26.jar:5.3.26]
	at com.project.dao.configs.AccountsConfig.getValidator(AccountsConfig.java:23) ~[classes/:na]
	at com.project.dao.configs.AccountsConfig$$EnhancerBySpringCGLIB$$5b193e08.CGLIB$getValidator$1(<generated>) ~[classes/:na]
	at com.project.dao.configs.AccountsConfig$$EnhancerBySpringCGLIB$$5b193e08$$FastClassBySpringCGLIB$$c85b2185.invoke(<generated>) ~[classes/:na]
	at org.springframework.cglib.proxy.MethodProxy.invokeSuper(MethodProxy.java:244) ~[spring-core-5.3.26.jar:5.3.26]
	at org.springframework.context.annotation.ConfigurationClassEnhancer$BeanMethodInterceptor.intercept(ConfigurationClassEnhancer.java:331) ~[spring-context-5.3.26.jar:5.3.26]
	at com.project.dao.configs.AccountsConfig$$EnhancerBySpringCGLIB$$5b193e08.getValidator(<generated>) ~[classes/:na]
	at sun.reflect.NativeMethodAccessorImpl.invoke0(Native Method) ~[na:1.8.0_292]
	at sun.reflect.NativeMethodAccessorImpl.invoke(NativeMethodAccessorImpl.java:62) ~[na:1.8.0_292]
	at sun.reflect.DelegatingMethodAccessorImpl.invoke(DelegatingMethodAccessorImpl.java:43) ~[na:1.8.0_292]
	at java.lang.reflect.Method.invoke(Method.java:498) ~[na:1.8.0_292]
	at org.springframework.beans.factory.support.SimpleInstantiationStrategy.instantiate(SimpleInstantiationStrategy.java:154) ~[spring-beans-5.3.26.jar:5.3.26]
	... 88 common frames omitted
2024-05-06 07:05:56,554 [INFO] com.project.dao.ValidationTest main Starting ValidationTest using Java 1.8.0_292 on WPF45DE29 with PID 2196 (started by xxshetur in C:\DLTE-JavaFullStack-RakeshKumarS-2024\DLTE-FINAL-PROJECT\DLTE-PROJECT-DAO)
2024-05-06 07:05:56,554 [INFO] com.project.dao.ValidationTest main No active profile set, falling back to 1 default profile: "default"
2024-05-06 07:05:56,979 [INFO] org.springframework.data.repository.config.RepositoryConfigurationDelegate main Bootstrapping Spring Data JDBC repositories in DEFAULT mode.
2024-05-06 07:05:56,994 [INFO] org.springframework.data.repository.config.RepositoryConfigurationDelegate main Finished Spring Data repository scanning in 13 ms. Found 0 JDBC repository interfaces.
2024-05-06 07:05:57,355 [WARN] org.springframework.web.context.support.GenericWebApplicationContext main Exception encountered during context initialization - cancelling refresh attempt: org.springframework.beans.factory.BeanCreationException: Error creating bean with name 'getValidator' defined in class path resource [com/project/dao/configs/AccountsConfig.class]: Bean instantiation via factory method failed; nested exception is org.springframework.beans.BeanInstantiationException: Failed to instantiate [org.springframework.validation.beanvalidation.LocalValidatorFactoryBean]: Factory method 'getValidator' threw exception; nested exception is javax.validation.ValidationException: HV000183: Unable to initialize 'javax.el.ExpressionFactory'. Check that you have the EL dependencies on the classpath, or use ParameterMessageInterpolator instead
2024-05-06 07:05:57,371 [INFO] org.springframework.boot.autoconfigure.logging.ConditionEvaluationReportLoggingListener main 

Error starting ApplicationContext. To display the conditions report re-run your application with 'debug' enabled.
2024-05-06 07:05:57,371 [ERROR] org.springframework.boot.SpringApplication main Application run failed
org.springframework.beans.factory.BeanCreationException: Error creating bean with name 'getValidator' defined in class path resource [com/project/dao/configs/AccountsConfig.class]: Bean instantiation via factory method failed; nested exception is org.springframework.beans.BeanInstantiationException: Failed to instantiate [org.springframework.validation.beanvalidation.LocalValidatorFactoryBean]: Factory method 'getValidator' threw exception; nested exception is javax.validation.ValidationException: HV000183: Unable to initialize 'javax.el.ExpressionFactory'. Check that you have the EL dependencies on the classpath, or use ParameterMessageInterpolator instead
	at org.springframework.beans.factory.support.ConstructorResolver.instantiate(ConstructorResolver.java:658) ~[spring-beans-5.3.26.jar:5.3.26]
	at org.springframework.beans.factory.support.ConstructorResolver.instantiateUsingFactoryMethod(ConstructorResolver.java:638) ~[spring-beans-5.3.26.jar:5.3.26]
	at org.springframework.beans.factory.support.AbstractAutowireCapableBeanFactory.instantiateUsingFactoryMethod(AbstractAutowireCapableBeanFactory.java:1352) ~[spring-beans-5.3.26.jar:5.3.26]
	at org.springframework.beans.factory.support.AbstractAutowireCapableBeanFactory.createBeanInstance(AbstractAutowireCapableBeanFactory.java:1195) ~[spring-beans-5.3.26.jar:5.3.26]
	at org.springframework.beans.factory.support.AbstractAutowireCapableBeanFactory.doCreateBean(AbstractAutowireCapableBeanFactory.java:582) ~[spring-beans-5.3.26.jar:5.3.26]
	at org.springframework.beans.factory.support.AbstractAutowireCapableBeanFactory.createBean(AbstractAutowireCapableBeanFactory.java:542) ~[spring-beans-5.3.26.jar:5.3.26]
	at org.springframework.beans.factory.support.AbstractBeanFactory.lambda$doGetBean$0(AbstractBeanFactory.java:335) ~[spring-beans-5.3.26.jar:5.3.26]
	at org.springframework.beans.factory.support.DefaultSingletonBeanRegistry.getSingleton(DefaultSingletonBeanRegistry.java:234) ~[spring-beans-5.3.26.jar:5.3.26]
	at org.springframework.beans.factory.support.AbstractBeanFactory.doGetBean(AbstractBeanFactory.java:333) ~[spring-beans-5.3.26.jar:5.3.26]
	at org.springframework.beans.factory.support.AbstractBeanFactory.getBean(AbstractBeanFactory.java:208) ~[spring-beans-5.3.26.jar:5.3.26]
	at org.springframework.beans.factory.support.DefaultListableBeanFactory.preInstantiateSingletons(DefaultListableBeanFactory.java:955) ~[spring-beans-5.3.26.jar:5.3.26]
	at org.springframework.context.support.AbstractApplicationContext.finishBeanFactoryInitialization(AbstractApplicationContext.java:920) ~[spring-context-5.3.26.jar:5.3.26]
	at org.springframework.context.support.AbstractApplicationContext.refresh(AbstractApplicationContext.java:583) ~[spring-context-5.3.26.jar:5.3.26]
	at org.springframework.boot.SpringApplication.refresh(SpringApplication.java:731) ~[spring-boot-2.7.10.jar:2.7.10]
	at org.springframework.boot.SpringApplication.refreshContext(SpringApplication.java:408) ~[spring-boot-2.7.10.jar:2.7.10]
	at org.springframework.boot.SpringApplication.run(SpringApplication.java:307) ~[spring-boot-2.7.10.jar:2.7.10]
	at org.springframework.boot.test.context.SpringBootContextLoader.loadContext(SpringBootContextLoader.java:136) [spring-boot-test-2.7.10.jar:2.7.10]
	at org.springframework.test.context.cache.DefaultCacheAwareContextLoaderDelegate.loadContextInternal(DefaultCacheAwareContextLoaderDelegate.java:141) [spring-test-5.3.26.jar:5.3.26]
	at org.springframework.test.context.cache.DefaultCacheAwareContextLoaderDelegate.loadContext(DefaultCacheAwareContextLoaderDelegate.java:90) [spring-test-5.3.26.jar:5.3.26]
	at org.springframework.test.context.support.DefaultTestContext.getApplicationContext(DefaultTestContext.java:124) [spring-test-5.3.26.jar:5.3.26]
	at org.springframework.test.context.web.ServletTestExecutionListener.setUpRequestContextIfNecessary(ServletTestExecutionListener.java:190) [spring-test-5.3.26.jar:5.3.26]
	at org.springframework.test.context.web.ServletTestExecutionListener.prepareTestInstance(ServletTestExecutionListener.java:132) [spring-test-5.3.26.jar:5.3.26]
	at org.springframework.test.context.TestContextManager.prepareTestInstance(TestContextManager.java:248) [spring-test-5.3.26.jar:5.3.26]
	at org.springframework.test.context.junit.jupiter.SpringExtension.postProcessTestInstance(SpringExtension.java:138) [spring-test-5.3.26.jar:5.3.26]
	at org.junit.jupiter.engine.descriptor.ClassBasedTestDescriptor.lambda$invokeTestInstancePostProcessors$8(ClassBasedTestDescriptor.java:363) [junit-jupiter-engine-5.8.2.jar:5.8.2]
	at org.junit.jupiter.engine.descriptor.ClassBasedTestDescriptor.executeAndMaskThrowable(ClassBasedTestDescriptor.java:368) [junit-jupiter-engine-5.8.2.jar:5.8.2]
	at org.junit.jupiter.engine.descriptor.ClassBasedTestDescriptor.lambda$invokeTestInstancePostProcessors$9(ClassBasedTestDescriptor.java:363) [junit-jupiter-engine-5.8.2.jar:5.8.2]
	at java.util.stream.ReferencePipeline$3$1.accept(ReferencePipeline.java:193) ~[na:1.8.0_292]
	at java.util.stream.ReferencePipeline$2$1.accept(ReferencePipeline.java:175) ~[na:1.8.0_292]
	at java.util.ArrayList$ArrayListSpliterator.forEachRemaining(ArrayList.java:1384) ~[na:1.8.0_292]
	at java.util.stream.AbstractPipeline.copyInto(AbstractPipeline.java:482) ~[na:1.8.0_292]
	at java.util.stream.AbstractPipeline.wrapAndCopyInto(AbstractPipeline.java:472) ~[na:1.8.0_292]
	at java.util.stream.StreamSpliterators$WrappingSpliterator.forEachRemaining(StreamSpliterators.java:313) ~[na:1.8.0_292]
	at java.util.stream.Streams$ConcatSpliterator.forEachRemaining(Streams.java:743) ~[na:1.8.0_292]
	at java.util.stream.Streams$ConcatSpliterator.forEachRemaining(Streams.java:742) ~[na:1.8.0_292]
	at java.util.stream.ReferencePipeline$Head.forEach(ReferencePipeline.java:647) ~[na:1.8.0_292]
	at org.junit.jupiter.engine.descriptor.ClassBasedTestDescriptor.invokeTestInstancePostProcessors(ClassBasedTestDescriptor.java:362) [junit-jupiter-engine-5.8.2.jar:5.8.2]
	at org.junit.jupiter.engine.descriptor.ClassBasedTestDescriptor.lambda$instantiateAndPostProcessTestInstance$6(ClassBasedTestDescriptor.java:283) [junit-jupiter-engine-5.8.2.jar:5.8.2]
	at org.junit.platform.engine.support.hierarchical.ThrowableCollector.execute(ThrowableCollector.java:73) ~[junit-platform-engine-1.8.2.jar:1.8.2]
	at org.junit.jupiter.engine.descriptor.ClassBasedTestDescriptor.instantiateAndPostProcessTestInstance(ClassBasedTestDescriptor.java:282) [junit-jupiter-engine-5.8.2.jar:5.8.2]
	at org.junit.jupiter.engine.descriptor.ClassBasedTestDescriptor.lambda$testInstancesProvider$4(ClassBasedTestDescriptor.java:272) [junit-jupiter-engine-5.8.2.jar:5.8.2]
	at java.util.Optional.orElseGet(Optional.java:267) ~[na:1.8.0_292]
	at org.junit.jupiter.engine.descriptor.ClassBasedTestDescriptor.lambda$testInstancesProvider$5(ClassBasedTestDescriptor.java:271) [junit-jupiter-engine-5.8.2.jar:5.8.2]
	at org.junit.jupiter.engine.execution.TestInstancesProvider.getTestInstances(TestInstancesProvider.java:31) ~[junit-jupiter-engine-5.8.2.jar:5.8.2]
	at org.junit.jupiter.engine.descriptor.TestMethodTestDescriptor.lambda$prepare$0(TestMethodTestDescriptor.java:102) ~[junit-jupiter-engine-5.8.2.jar:5.8.2]
	at org.junit.platform.engine.support.hierarchical.ThrowableCollector.execute(ThrowableCollector.java:73) ~[junit-platform-engine-1.8.2.jar:1.8.2]
	at org.junit.jupiter.engine.descriptor.TestMethodTestDescriptor.prepare(TestMethodTestDescriptor.java:101) ~[junit-jupiter-engine-5.8.2.jar:5.8.2]
	at org.junit.jupiter.engine.descriptor.TestMethodTestDescriptor.prepare(TestMethodTestDescriptor.java:66) ~[junit-jupiter-engine-5.8.2.jar:5.8.2]
	at org.junit.platform.engine.support.hierarchical.NodeTestTask.lambda$prepare$2(NodeTestTask.java:123) ~[junit-platform-engine-1.8.2.jar:1.8.2]
	at org.junit.platform.engine.support.hierarchical.ThrowableCollector.execute(ThrowableCollector.java:73) ~[junit-platform-engine-1.8.2.jar:1.8.2]
	at org.junit.platform.engine.support.hierarchical.NodeTestTask.prepare(NodeTestTask.java:123) ~[junit-platform-engine-1.8.2.jar:1.8.2]
	at org.junit.platform.engine.support.hierarchical.NodeTestTask.execute(NodeTestTask.java:90) ~[junit-platform-engine-1.8.2.jar:1.8.2]
	at java.util.ArrayList.forEach(ArrayList.java:1259) ~[na:1.8.0_292]
	at org.junit.platform.engine.support.hierarchical.SameThreadHierarchicalTestExecutorService.invokeAll(SameThreadHierarchicalTestExecutorService.java:41) ~[junit-platform-engine-1.8.2.jar:1.8.2]
	at org.junit.platform.engine.support.hierarchical.NodeTestTask.lambda$executeRecursively$6(NodeTestTask.java:155) ~[junit-platform-engine-1.8.2.jar:1.8.2]
	at org.junit.platform.engine.support.hierarchical.ThrowableCollector.execute(ThrowableCollector.java:73) ~[junit-platform-engine-1.8.2.jar:1.8.2]
	at org.junit.platform.engine.support.hierarchical.NodeTestTask.lambda$executeRecursively$8(NodeTestTask.java:141) ~[junit-platform-engine-1.8.2.jar:1.8.2]
	at org.junit.platform.engine.support.hierarchical.Node.around(Node.java:137) ~[junit-platform-engine-1.8.2.jar:1.8.2]
	at org.junit.platform.engine.support.hierarchical.NodeTestTask.lambda$executeRecursively$9(NodeTestTask.java:139) ~[junit-platform-engine-1.8.2.jar:1.8.2]
	at org.junit.platform.engine.support.hierarchical.ThrowableCollector.execute(ThrowableCollector.java:73) ~[junit-platform-engine-1.8.2.jar:1.8.2]
	at org.junit.platform.engine.support.hierarchical.NodeTestTask.executeRecursively(NodeTestTask.java:138) ~[junit-platform-engine-1.8.2.jar:1.8.2]
	at org.junit.platform.engine.support.hierarchical.NodeTestTask.execute(NodeTestTask.java:95) ~[junit-platform-engine-1.8.2.jar:1.8.2]
	at java.util.ArrayList.forEach(ArrayList.java:1259) ~[na:1.8.0_292]
	at org.junit.platform.engine.support.hierarchical.SameThreadHierarchicalTestExecutorService.invokeAll(SameThreadHierarchicalTestExecutorService.java:41) ~[junit-platform-engine-1.8.2.jar:1.8.2]
	at org.junit.platform.engine.support.hierarchical.NodeTestTask.lambda$executeRecursively$6(NodeTestTask.java:155) ~[junit-platform-engine-1.8.2.jar:1.8.2]
	at org.junit.platform.engine.support.hierarchical.ThrowableCollector.execute(ThrowableCollector.java:73) ~[junit-platform-engine-1.8.2.jar:1.8.2]
	at org.junit.platform.engine.support.hierarchical.NodeTestTask.lambda$executeRecursively$8(NodeTestTask.java:141) ~[junit-platform-engine-1.8.2.jar:1.8.2]
	at org.junit.platform.engine.support.hierarchical.Node.around(Node.java:137) ~[junit-platform-engine-1.8.2.jar:1.8.2]
	at org.junit.platform.engine.support.hierarchical.NodeTestTask.lambda$executeRecursively$9(NodeTestTask.java:139) ~[junit-platform-engine-1.8.2.jar:1.8.2]
	at org.junit.platform.engine.support.hierarchical.ThrowableCollector.execute(ThrowableCollector.java:73) ~[junit-platform-engine-1.8.2.jar:1.8.2]
	at org.junit.platform.engine.support.hierarchical.NodeTestTask.executeRecursively(NodeTestTask.java:138) ~[junit-platform-engine-1.8.2.jar:1.8.2]
	at org.junit.platform.engine.support.hierarchical.NodeTestTask.execute(NodeTestTask.java:95) ~[junit-platform-engine-1.8.2.jar:1.8.2]
	at org.junit.platform.engine.support.hierarchical.SameThreadHierarchicalTestExecutorService.submit(SameThreadHierarchicalTestExecutorService.java:35) ~[junit-platform-engine-1.8.2.jar:1.8.2]
	at org.junit.platform.engine.support.hierarchical.HierarchicalTestExecutor.execute(HierarchicalTestExecutor.java:57) ~[junit-platform-engine-1.8.2.jar:1.8.2]
	at org.junit.platform.engine.support.hierarchical.HierarchicalTestEngine.execute(HierarchicalTestEngine.java:54) ~[junit-platform-engine-1.8.2.jar:1.8.2]
	at org.junit.platform.launcher.core.EngineExecutionOrchestrator.execute(EngineExecutionOrchestrator.java:107) ~[junit-platform-launcher-1.8.2.jar:1.8.2]
	at org.junit.platform.launcher.core.EngineExecutionOrchestrator.execute(EngineExecutionOrchestrator.java:88) ~[junit-platform-launcher-1.8.2.jar:1.8.2]
	at org.junit.platform.launcher.core.EngineExecutionOrchestrator.lambda$execute$0(EngineExecutionOrchestrator.java:54) ~[junit-platform-launcher-1.8.2.jar:1.8.2]
	at org.junit.platform.launcher.core.EngineExecutionOrchestrator.withInterceptedStreams(EngineExecutionOrchestrator.java:67) ~[junit-platform-launcher-1.8.2.jar:1.8.2]
	at org.junit.platform.launcher.core.EngineExecutionOrchestrator.execute(EngineExecutionOrchestrator.java:52) ~[junit-platform-launcher-1.8.2.jar:1.8.2]
	at org.junit.platform.launcher.core.DefaultLauncher.execute(DefaultLauncher.java:114) ~[junit-platform-launcher-1.8.2.jar:1.8.2]
	at org.junit.platform.launcher.core.DefaultLauncher.execute(DefaultLauncher.java:86) ~[junit-platform-launcher-1.8.2.jar:1.8.2]
	at org.junit.platform.launcher.core.DefaultLauncherSession$DelegatingLauncher.execute(DefaultLauncherSession.java:86) ~[junit-platform-launcher-1.8.2.jar:1.8.2]
	at org.junit.platform.launcher.core.SessionPerRequestLauncher.execute(SessionPerRequestLauncher.java:53) ~[junit-platform-launcher-1.8.2.jar:1.8.2]
	at com.intellij.junit5.JUnit5IdeaTestRunner.startRunnerWithArgs(JUnit5IdeaTestRunner.java:69) ~[junit5-rt.jar:na]
	at com.intellij.rt.junit.IdeaTestRunner$Repeater.startRunnerWithArgs(IdeaTestRunner.java:33) ~[junit-rt.jar:na]
	at com.intellij.rt.junit.JUnitStarter.prepareStreamsAndStart(JUnitStarter.java:230) ~[junit-rt.jar:na]
	at com.intellij.rt.junit.JUnitStarter.main(JUnitStarter.java:58) ~[junit-rt.jar:na]
Caused by: org.springframework.beans.BeanInstantiationException: Failed to instantiate [org.springframework.validation.beanvalidation.LocalValidatorFactoryBean]: Factory method 'getValidator' threw exception; nested exception is javax.validation.ValidationException: HV000183: Unable to initialize 'javax.el.ExpressionFactory'. Check that you have the EL dependencies on the classpath, or use ParameterMessageInterpolator instead
	at org.springframework.beans.factory.support.SimpleInstantiationStrategy.instantiate(SimpleInstantiationStrategy.java:185) ~[spring-beans-5.3.26.jar:5.3.26]
	at org.springframework.beans.factory.support.ConstructorResolver.instantiate(ConstructorResolver.java:653) ~[spring-beans-5.3.26.jar:5.3.26]
	... 87 common frames omitted
Caused by: javax.validation.ValidationException: HV000183: Unable to initialize 'javax.el.ExpressionFactory'. Check that you have the EL dependencies on the classpath, or use ParameterMessageInterpolator instead
	at org.hibernate.validator.messageinterpolation.ResourceBundleMessageInterpolator.buildExpressionFactory(ResourceBundleMessageInterpolator.java:206) ~[hibernate-validator-6.2.5.Final.jar:6.2.5.Final]
	at org.hibernate.validator.messageinterpolation.ResourceBundleMessageInterpolator.<init>(ResourceBundleMessageInterpolator.java:94) ~[hibernate-validator-6.2.5.Final.jar:6.2.5.Final]
	at org.hibernate.validator.messageinterpolation.ResourceBundleMessageInterpolator.<init>(ResourceBundleMessageInterpolator.java:50) ~[hibernate-validator-6.2.5.Final.jar:6.2.5.Final]
	at org.springframework.validation.beanvalidation.LocalValidatorFactoryBean$HibernateValidatorDelegate.buildMessageInterpolator(LocalValidatorFactoryBean.java:480) ~[spring-context-5.3.26.jar:5.3.26]
	at org.springframework.validation.beanvalidation.LocalValidatorFactoryBean.setValidationMessageSource(LocalValidatorFactoryBean.java:175) ~[spring-context-5.3.26.jar:5.3.26]
	at com.project.dao.configs.AccountsConfig.getValidator(AccountsConfig.java:23) ~[classes/:na]
	at com.project.dao.configs.AccountsConfig$$EnhancerBySpringCGLIB$$5b193e08.CGLIB$getValidator$1(<generated>) ~[classes/:na]
	at com.project.dao.configs.AccountsConfig$$EnhancerBySpringCGLIB$$5b193e08$$FastClassBySpringCGLIB$$c85b2185.invoke(<generated>) ~[classes/:na]
	at org.springframework.cglib.proxy.MethodProxy.invokeSuper(MethodProxy.java:244) ~[spring-core-5.3.26.jar:5.3.26]
	at org.springframework.context.annotation.ConfigurationClassEnhancer$BeanMethodInterceptor.intercept(ConfigurationClassEnhancer.java:331) ~[spring-context-5.3.26.jar:5.3.26]
	at com.project.dao.configs.AccountsConfig$$EnhancerBySpringCGLIB$$5b193e08.getValidator(<generated>) ~[classes/:na]
	at sun.reflect.NativeMethodAccessorImpl.invoke0(Native Method) ~[na:1.8.0_292]
	at sun.reflect.NativeMethodAccessorImpl.invoke(NativeMethodAccessorImpl.java:62) ~[na:1.8.0_292]
	at sun.reflect.DelegatingMethodAccessorImpl.invoke(DelegatingMethodAccessorImpl.java:43) ~[na:1.8.0_292]
	at java.lang.reflect.Method.invoke(Method.java:498) ~[na:1.8.0_292]
	at org.springframework.beans.factory.support.SimpleInstantiationStrategy.instantiate(SimpleInstantiationStrategy.java:154) ~[spring-beans-5.3.26.jar:5.3.26]
	... 88 common frames omitted
2024-05-06 07:05:57,387 [ERROR] org.springframework.test.context.TestContextManager main Caught exception while allowing TestExecutionListener [org.springframework.test.context.web.ServletTestExecutionListener@2da99821] to prepare test instance [com.project.dao.ValidationTest@f5a7226]
java.lang.IllegalStateException: Failed to load ApplicationContext
	at org.springframework.test.context.cache.DefaultCacheAwareContextLoaderDelegate.loadContext(DefaultCacheAwareContextLoaderDelegate.java:98) ~[spring-test-5.3.26.jar:5.3.26]
	at org.springframework.test.context.support.DefaultTestContext.getApplicationContext(DefaultTestContext.java:124) ~[spring-test-5.3.26.jar:5.3.26]
	at org.springframework.test.context.web.ServletTestExecutionListener.setUpRequestContextIfNecessary(ServletTestExecutionListener.java:190) ~[spring-test-5.3.26.jar:5.3.26]
	at org.springframework.test.context.web.ServletTestExecutionListener.prepareTestInstance(ServletTestExecutionListener.java:132) ~[spring-test-5.3.26.jar:5.3.26]
	at org.springframework.test.context.TestContextManager.prepareTestInstance(TestContextManager.java:248) ~[spring-test-5.3.26.jar:5.3.26]
	at org.springframework.test.context.junit.jupiter.SpringExtension.postProcessTestInstance(SpringExtension.java:138) [spring-test-5.3.26.jar:5.3.26]
	at org.junit.jupiter.engine.descriptor.ClassBasedTestDescriptor.lambda$invokeTestInstancePostProcessors$8(ClassBasedTestDescriptor.java:363) [junit-jupiter-engine-5.8.2.jar:5.8.2]
	at org.junit.jupiter.engine.descriptor.ClassBasedTestDescriptor.executeAndMaskThrowable(ClassBasedTestDescriptor.java:368) [junit-jupiter-engine-5.8.2.jar:5.8.2]
	at org.junit.jupiter.engine.descriptor.ClassBasedTestDescriptor.lambda$invokeTestInstancePostProcessors$9(ClassBasedTestDescriptor.java:363) [junit-jupiter-engine-5.8.2.jar:5.8.2]
	at java.util.stream.ReferencePipeline$3$1.accept(ReferencePipeline.java:193) ~[na:1.8.0_292]
	at java.util.stream.ReferencePipeline$2$1.accept(ReferencePipeline.java:175) ~[na:1.8.0_292]
	at java.util.ArrayList$ArrayListSpliterator.forEachRemaining(ArrayList.java:1384) ~[na:1.8.0_292]
	at java.util.stream.AbstractPipeline.copyInto(AbstractPipeline.java:482) ~[na:1.8.0_292]
	at java.util.stream.AbstractPipeline.wrapAndCopyInto(AbstractPipeline.java:472) ~[na:1.8.0_292]
	at java.util.stream.StreamSpliterators$WrappingSpliterator.forEachRemaining(StreamSpliterators.java:313) ~[na:1.8.0_292]
	at java.util.stream.Streams$ConcatSpliterator.forEachRemaining(Streams.java:743) ~[na:1.8.0_292]
	at java.util.stream.Streams$ConcatSpliterator.forEachRemaining(Streams.java:742) ~[na:1.8.0_292]
	at java.util.stream.ReferencePipeline$Head.forEach(ReferencePipeline.java:647) ~[na:1.8.0_292]
	at org.junit.jupiter.engine.descriptor.ClassBasedTestDescriptor.invokeTestInstancePostProcessors(ClassBasedTestDescriptor.java:362) [junit-jupiter-engine-5.8.2.jar:5.8.2]
	at org.junit.jupiter.engine.descriptor.ClassBasedTestDescriptor.lambda$instantiateAndPostProcessTestInstance$6(ClassBasedTestDescriptor.java:283) [junit-jupiter-engine-5.8.2.jar:5.8.2]
	at org.junit.platform.engine.support.hierarchical.ThrowableCollector.execute(ThrowableCollector.java:73) ~[junit-platform-engine-1.8.2.jar:1.8.2]
	at org.junit.jupiter.engine.descriptor.ClassBasedTestDescriptor.instantiateAndPostProcessTestInstance(ClassBasedTestDescriptor.java:282) [junit-jupiter-engine-5.8.2.jar:5.8.2]
	at org.junit.jupiter.engine.descriptor.ClassBasedTestDescriptor.lambda$testInstancesProvider$4(ClassBasedTestDescriptor.java:272) [junit-jupiter-engine-5.8.2.jar:5.8.2]
	at java.util.Optional.orElseGet(Optional.java:267) ~[na:1.8.0_292]
	at org.junit.jupiter.engine.descriptor.ClassBasedTestDescriptor.lambda$testInstancesProvider$5(ClassBasedTestDescriptor.java:271) [junit-jupiter-engine-5.8.2.jar:5.8.2]
	at org.junit.jupiter.engine.execution.TestInstancesProvider.getTestInstances(TestInstancesProvider.java:31) ~[junit-jupiter-engine-5.8.2.jar:5.8.2]
	at org.junit.jupiter.engine.descriptor.TestMethodTestDescriptor.lambda$prepare$0(TestMethodTestDescriptor.java:102) ~[junit-jupiter-engine-5.8.2.jar:5.8.2]
	at org.junit.platform.engine.support.hierarchical.ThrowableCollector.execute(ThrowableCollector.java:73) ~[junit-platform-engine-1.8.2.jar:1.8.2]
	at org.junit.jupiter.engine.descriptor.TestMethodTestDescriptor.prepare(TestMethodTestDescriptor.java:101) ~[junit-jupiter-engine-5.8.2.jar:5.8.2]
	at org.junit.jupiter.engine.descriptor.TestMethodTestDescriptor.prepare(TestMethodTestDescriptor.java:66) ~[junit-jupiter-engine-5.8.2.jar:5.8.2]
	at org.junit.platform.engine.support.hierarchical.NodeTestTask.lambda$prepare$2(NodeTestTask.java:123) ~[junit-platform-engine-1.8.2.jar:1.8.2]
	at org.junit.platform.engine.support.hierarchical.ThrowableCollector.execute(ThrowableCollector.java:73) ~[junit-platform-engine-1.8.2.jar:1.8.2]
	at org.junit.platform.engine.support.hierarchical.NodeTestTask.prepare(NodeTestTask.java:123) ~[junit-platform-engine-1.8.2.jar:1.8.2]
	at org.junit.platform.engine.support.hierarchical.NodeTestTask.execute(NodeTestTask.java:90) ~[junit-platform-engine-1.8.2.jar:1.8.2]
	at java.util.ArrayList.forEach(ArrayList.java:1259) ~[na:1.8.0_292]
	at org.junit.platform.engine.support.hierarchical.SameThreadHierarchicalTestExecutorService.invokeAll(SameThreadHierarchicalTestExecutorService.java:41) ~[junit-platform-engine-1.8.2.jar:1.8.2]
	at org.junit.platform.engine.support.hierarchical.NodeTestTask.lambda$executeRecursively$6(NodeTestTask.java:155) ~[junit-platform-engine-1.8.2.jar:1.8.2]
	at org.junit.platform.engine.support.hierarchical.ThrowableCollector.execute(ThrowableCollector.java:73) ~[junit-platform-engine-1.8.2.jar:1.8.2]
	at org.junit.platform.engine.support.hierarchical.NodeTestTask.lambda$executeRecursively$8(NodeTestTask.java:141) ~[junit-platform-engine-1.8.2.jar:1.8.2]
	at org.junit.platform.engine.support.hierarchical.Node.around(Node.java:137) ~[junit-platform-engine-1.8.2.jar:1.8.2]
	at org.junit.platform.engine.support.hierarchical.NodeTestTask.lambda$executeRecursively$9(NodeTestTask.java:139) ~[junit-platform-engine-1.8.2.jar:1.8.2]
	at org.junit.platform.engine.support.hierarchical.ThrowableCollector.execute(ThrowableCollector.java:73) ~[junit-platform-engine-1.8.2.jar:1.8.2]
	at org.junit.platform.engine.support.hierarchical.NodeTestTask.executeRecursively(NodeTestTask.java:138) ~[junit-platform-engine-1.8.2.jar:1.8.2]
	at org.junit.platform.engine.support.hierarchical.NodeTestTask.execute(NodeTestTask.java:95) ~[junit-platform-engine-1.8.2.jar:1.8.2]
	at java.util.ArrayList.forEach(ArrayList.java:1259) ~[na:1.8.0_292]
	at org.junit.platform.engine.support.hierarchical.SameThreadHierarchicalTestExecutorService.invokeAll(SameThreadHierarchicalTestExecutorService.java:41) ~[junit-platform-engine-1.8.2.jar:1.8.2]
	at org.junit.platform.engine.support.hierarchical.NodeTestTask.lambda$executeRecursively$6(NodeTestTask.java:155) ~[junit-platform-engine-1.8.2.jar:1.8.2]
	at org.junit.platform.engine.support.hierarchical.ThrowableCollector.execute(ThrowableCollector.java:73) ~[junit-platform-engine-1.8.2.jar:1.8.2]
	at org.junit.platform.engine.support.hierarchical.NodeTestTask.lambda$executeRecursively$8(NodeTestTask.java:141) ~[junit-platform-engine-1.8.2.jar:1.8.2]
	at org.junit.platform.engine.support.hierarchical.Node.around(Node.java:137) ~[junit-platform-engine-1.8.2.jar:1.8.2]
	at org.junit.platform.engine.support.hierarchical.NodeTestTask.lambda$executeRecursively$9(NodeTestTask.java:139) ~[junit-platform-engine-1.8.2.jar:1.8.2]
	at org.junit.platform.engine.support.hierarchical.ThrowableCollector.execute(ThrowableCollector.java:73) ~[junit-platform-engine-1.8.2.jar:1.8.2]
	at org.junit.platform.engine.support.hierarchical.NodeTestTask.executeRecursively(NodeTestTask.java:138) ~[junit-platform-engine-1.8.2.jar:1.8.2]
	at org.junit.platform.engine.support.hierarchical.NodeTestTask.execute(NodeTestTask.java:95) ~[junit-platform-engine-1.8.2.jar:1.8.2]
	at org.junit.platform.engine.support.hierarchical.SameThreadHierarchicalTestExecutorService.submit(SameThreadHierarchicalTestExecutorService.java:35) ~[junit-platform-engine-1.8.2.jar:1.8.2]
	at org.junit.platform.engine.support.hierarchical.HierarchicalTestExecutor.execute(HierarchicalTestExecutor.java:57) ~[junit-platform-engine-1.8.2.jar:1.8.2]
	at org.junit.platform.engine.support.hierarchical.HierarchicalTestEngine.execute(HierarchicalTestEngine.java:54) ~[junit-platform-engine-1.8.2.jar:1.8.2]
	at org.junit.platform.launcher.core.EngineExecutionOrchestrator.execute(EngineExecutionOrchestrator.java:107) ~[junit-platform-launcher-1.8.2.jar:1.8.2]
	at org.junit.platform.launcher.core.EngineExecutionOrchestrator.execute(EngineExecutionOrchestrator.java:88) ~[junit-platform-launcher-1.8.2.jar:1.8.2]
	at org.junit.platform.launcher.core.EngineExecutionOrchestrator.lambda$execute$0(EngineExecutionOrchestrator.java:54) ~[junit-platform-launcher-1.8.2.jar:1.8.2]
	at org.junit.platform.launcher.core.EngineExecutionOrchestrator.withInterceptedStreams(EngineExecutionOrchestrator.java:67) ~[junit-platform-launcher-1.8.2.jar:1.8.2]
	at org.junit.platform.launcher.core.EngineExecutionOrchestrator.execute(EngineExecutionOrchestrator.java:52) ~[junit-platform-launcher-1.8.2.jar:1.8.2]
	at org.junit.platform.launcher.core.DefaultLauncher.execute(DefaultLauncher.java:114) ~[junit-platform-launcher-1.8.2.jar:1.8.2]
	at org.junit.platform.launcher.core.DefaultLauncher.execute(DefaultLauncher.java:86) ~[junit-platform-launcher-1.8.2.jar:1.8.2]
	at org.junit.platform.launcher.core.DefaultLauncherSession$DelegatingLauncher.execute(DefaultLauncherSession.java:86) ~[junit-platform-launcher-1.8.2.jar:1.8.2]
	at org.junit.platform.launcher.core.SessionPerRequestLauncher.execute(SessionPerRequestLauncher.java:53) ~[junit-platform-launcher-1.8.2.jar:1.8.2]
	at com.intellij.junit5.JUnit5IdeaTestRunner.startRunnerWithArgs(JUnit5IdeaTestRunner.java:69) ~[junit5-rt.jar:na]
	at com.intellij.rt.junit.IdeaTestRunner$Repeater.startRunnerWithArgs(IdeaTestRunner.java:33) ~[junit-rt.jar:na]
	at com.intellij.rt.junit.JUnitStarter.prepareStreamsAndStart(JUnitStarter.java:230) ~[junit-rt.jar:na]
	at com.intellij.rt.junit.JUnitStarter.main(JUnitStarter.java:58) ~[junit-rt.jar:na]
Caused by: org.springframework.beans.factory.BeanCreationException: Error creating bean with name 'getValidator' defined in class path resource [com/project/dao/configs/AccountsConfig.class]: Bean instantiation via factory method failed; nested exception is org.springframework.beans.BeanInstantiationException: Failed to instantiate [org.springframework.validation.beanvalidation.LocalValidatorFactoryBean]: Factory method 'getValidator' threw exception; nested exception is javax.validation.ValidationException: HV000183: Unable to initialize 'javax.el.ExpressionFactory'. Check that you have the EL dependencies on the classpath, or use ParameterMessageInterpolator instead
	at org.springframework.beans.factory.support.ConstructorResolver.instantiate(ConstructorResolver.java:658) ~[spring-beans-5.3.26.jar:5.3.26]
	at org.springframework.beans.factory.support.ConstructorResolver.instantiateUsingFactoryMethod(ConstructorResolver.java:638) ~[spring-beans-5.3.26.jar:5.3.26]
	at org.springframework.beans.factory.support.AbstractAutowireCapableBeanFactory.instantiateUsingFactoryMethod(AbstractAutowireCapableBeanFactory.java:1352) ~[spring-beans-5.3.26.jar:5.3.26]
	at org.springframework.beans.factory.support.AbstractAutowireCapableBeanFactory.createBeanInstance(AbstractAutowireCapableBeanFactory.java:1195) ~[spring-beans-5.3.26.jar:5.3.26]
	at org.springframework.beans.factory.support.AbstractAutowireCapableBeanFactory.doCreateBean(AbstractAutowireCapableBeanFactory.java:582) ~[spring-beans-5.3.26.jar:5.3.26]
	at org.springframework.beans.factory.support.AbstractAutowireCapableBeanFactory.createBean(AbstractAutowireCapableBeanFactory.java:542) ~[spring-beans-5.3.26.jar:5.3.26]
	at org.springframework.beans.factory.support.AbstractBeanFactory.lambda$doGetBean$0(AbstractBeanFactory.java:335) ~[spring-beans-5.3.26.jar:5.3.26]
	at org.springframework.beans.factory.support.DefaultSingletonBeanRegistry.getSingleton(DefaultSingletonBeanRegistry.java:234) ~[spring-beans-5.3.26.jar:5.3.26]
	at org.springframework.beans.factory.support.AbstractBeanFactory.doGetBean(AbstractBeanFactory.java:333) ~[spring-beans-5.3.26.jar:5.3.26]
	at org.springframework.beans.factory.support.AbstractBeanFactory.getBean(AbstractBeanFactory.java:208) ~[spring-beans-5.3.26.jar:5.3.26]
	at org.springframework.beans.factory.support.DefaultListableBeanFactory.preInstantiateSingletons(DefaultListableBeanFactory.java:955) ~[spring-beans-5.3.26.jar:5.3.26]
	at org.springframework.context.support.AbstractApplicationContext.finishBeanFactoryInitialization(AbstractApplicationContext.java:920) ~[spring-context-5.3.26.jar:5.3.26]
	at org.springframework.context.support.AbstractApplicationContext.refresh(AbstractApplicationContext.java:583) ~[spring-context-5.3.26.jar:5.3.26]
	at org.springframework.boot.SpringApplication.refresh(SpringApplication.java:731) ~[spring-boot-2.7.10.jar:2.7.10]
	at org.springframework.boot.SpringApplication.refreshContext(SpringApplication.java:408) ~[spring-boot-2.7.10.jar:2.7.10]
	at org.springframework.boot.SpringApplication.run(SpringApplication.java:307) ~[spring-boot-2.7.10.jar:2.7.10]
	at org.springframework.boot.test.context.SpringBootContextLoader.loadContext(SpringBootContextLoader.java:136) ~[spring-boot-test-2.7.10.jar:2.7.10]
	at org.springframework.test.context.cache.DefaultCacheAwareContextLoaderDelegate.loadContextInternal(DefaultCacheAwareContextLoaderDelegate.java:141) ~[spring-test-5.3.26.jar:5.3.26]
	at org.springframework.test.context.cache.DefaultCacheAwareContextLoaderDelegate.loadContext(DefaultCacheAwareContextLoaderDelegate.java:90) ~[spring-test-5.3.26.jar:5.3.26]
	... 69 common frames omitted
Caused by: org.springframework.beans.BeanInstantiationException: Failed to instantiate [org.springframework.validation.beanvalidation.LocalValidatorFactoryBean]: Factory method 'getValidator' threw exception; nested exception is javax.validation.ValidationException: HV000183: Unable to initialize 'javax.el.ExpressionFactory'. Check that you have the EL dependencies on the classpath, or use ParameterMessageInterpolator instead
	at org.springframework.beans.factory.support.SimpleInstantiationStrategy.instantiate(SimpleInstantiationStrategy.java:185) ~[spring-beans-5.3.26.jar:5.3.26]
	at org.springframework.beans.factory.support.ConstructorResolver.instantiate(ConstructorResolver.java:653) ~[spring-beans-5.3.26.jar:5.3.26]
	... 87 common frames omitted
Caused by: javax.validation.ValidationException: HV000183: Unable to initialize 'javax.el.ExpressionFactory'. Check that you have the EL dependencies on the classpath, or use ParameterMessageInterpolator instead
	at org.hibernate.validator.messageinterpolation.ResourceBundleMessageInterpolator.buildExpressionFactory(ResourceBundleMessageInterpolator.java:206) ~[hibernate-validator-6.2.5.Final.jar:6.2.5.Final]
	at org.hibernate.validator.messageinterpolation.ResourceBundleMessageInterpolator.<init>(ResourceBundleMessageInterpolator.java:94) ~[hibernate-validator-6.2.5.Final.jar:6.2.5.Final]
	at org.hibernate.validator.messageinterpolation.ResourceBundleMessageInterpolator.<init>(ResourceBundleMessageInterpolator.java:50) ~[hibernate-validator-6.2.5.Final.jar:6.2.5.Final]
	at org.springframework.validation.beanvalidation.LocalValidatorFactoryBean$HibernateValidatorDelegate.buildMessageInterpolator(LocalValidatorFactoryBean.java:480) ~[spring-context-5.3.26.jar:5.3.26]
	at org.springframework.validation.beanvalidation.LocalValidatorFactoryBean.setValidationMessageSource(LocalValidatorFactoryBean.java:175) ~[spring-context-5.3.26.jar:5.3.26]
	at com.project.dao.configs.AccountsConfig.getValidator(AccountsConfig.java:23) ~[classes/:na]
	at com.project.dao.configs.AccountsConfig$$EnhancerBySpringCGLIB$$5b193e08.CGLIB$getValidator$1(<generated>) ~[classes/:na]
	at com.project.dao.configs.AccountsConfig$$EnhancerBySpringCGLIB$$5b193e08$$FastClassBySpringCGLIB$$c85b2185.invoke(<generated>) ~[classes/:na]
	at org.springframework.cglib.proxy.MethodProxy.invokeSuper(MethodProxy.java:244) ~[spring-core-5.3.26.jar:5.3.26]
	at org.springframework.context.annotation.ConfigurationClassEnhancer$BeanMethodInterceptor.intercept(ConfigurationClassEnhancer.java:331) ~[spring-context-5.3.26.jar:5.3.26]
	at com.project.dao.configs.AccountsConfig$$EnhancerBySpringCGLIB$$5b193e08.getValidator(<generated>) ~[classes/:na]
	at sun.reflect.NativeMethodAccessorImpl.invoke0(Native Method) ~[na:1.8.0_292]
	at sun.reflect.NativeMethodAccessorImpl.invoke(NativeMethodAccessorImpl.java:62) ~[na:1.8.0_292]
	at sun.reflect.DelegatingMethodAccessorImpl.invoke(DelegatingMethodAccessorImpl.java:43) ~[na:1.8.0_292]
	at java.lang.reflect.Method.invoke(Method.java:498) ~[na:1.8.0_292]
	at org.springframework.beans.factory.support.SimpleInstantiationStrategy.instantiate(SimpleInstantiationStrategy.java:154) ~[spring-beans-5.3.26.jar:5.3.26]
	... 88 common frames omitted
2024-05-06 07:05:57,402 [WARN] com.project.dao.services.AccountsServices main Account is already inactive
2024-05-06 07:05:57,418 [INFO] com.project.dao.services.AccountsServices main Account service closed successfully
2024-05-06 07:05:57,419 [WARN] com.project.dao.services.AccountsServices main Database error check the account id again
2024-05-06 07:05:57,434 [WARN] com.project.dao.services.AccountsServices main No Data Found
2024-05-06 07:05:57,748 [INFO] com.project.dao.services.AccountsServices main Account service closed successfully
2024-05-06 07:06:20,130 [INFO] com.project.dao.ValidationTest main Starting ValidationTest using Java 1.8.0_292 on WPF45DE29 with PID 24172 (started by xxshetur in C:\DLTE-JavaFullStack-RakeshKumarS-2024\DLTE-FINAL-PROJECT\DLTE-PROJECT-DAO)
2024-05-06 07:06:20,130 [INFO] com.project.dao.ValidationTest main No active profile set, falling back to 1 default profile: "default"
2024-05-06 07:06:20,877 [INFO] org.springframework.data.repository.config.RepositoryConfigurationDelegate main Bootstrapping Spring Data JDBC repositories in DEFAULT mode.
2024-05-06 07:06:20,900 [INFO] org.springframework.data.repository.config.RepositoryConfigurationDelegate main Finished Spring Data repository scanning in 17 ms. Found 0 JDBC repository interfaces.
2024-05-06 07:06:21,878 [INFO] com.zaxxer.hikari.HikariDataSource main HikariPool-1 - Starting...
2024-05-06 07:06:21,891 [WARN] com.zaxxer.hikari.util.DriverDataSource main Registered driver with driverClassName=oracle.jdbc.driver.OracleDriver was not found, trying direct instantiation.
2024-05-06 07:06:22,346 [INFO] com.zaxxer.hikari.pool.PoolBase main HikariPool-1 - Driver does not support get/set network timeout for connections. (oracle.jdbc.driver.T4CConnection.getNetworkTimeout()I)
2024-05-06 07:06:22,362 [INFO] com.zaxxer.hikari.HikariDataSource main HikariPool-1 - Start completed.
2024-05-06 07:06:23,053 [INFO] org.springframework.security.web.DefaultSecurityFilterChain main Will secure any request with [org.springframework.security.web.session.DisableEncodeUrlFilter@518bfd90, org.springframework.security.web.context.request.async.WebAsyncManagerIntegrationFilter@317a118b, org.springframework.security.web.context.SecurityContextPersistenceFilter@6981f8f3, org.springframework.security.web.header.HeaderWriterFilter@71a06021, org.springframework.security.web.csrf.CsrfFilter@227a47, org.springframework.security.web.authentication.logout.LogoutFilter@654c7d2d, org.springframework.security.web.authentication.UsernamePasswordAuthenticationFilter@20ab3e3a, org.springframework.security.web.authentication.ui.DefaultLoginPageGeneratingFilter@5f7989fa, org.springframework.security.web.authentication.ui.DefaultLogoutPageGeneratingFilter@56dfab87, org.springframework.security.web.authentication.www.BasicAuthenticationFilter@38eb0f4d, org.springframework.security.web.savedrequest.RequestCacheAwareFilter@2eae4349, org.springframework.security.web.servletapi.SecurityContextHolderAwareRequestFilter@68a4dcc6, org.springframework.security.web.authentication.AnonymousAuthenticationFilter@715b886f, org.springframework.security.web.session.SessionManagementFilter@6edcad64, org.springframework.security.web.access.ExceptionTranslationFilter@5df778c3, org.springframework.security.web.access.intercept.FilterSecurityInterceptor@642f9a77]
2024-05-06 07:06:23,194 [INFO] com.project.dao.ValidationTest main Started ValidationTest in 3.633 seconds (JVM running for 5.32)
2024-05-06 07:06:23,729 [INFO] com.zaxxer.hikari.HikariDataSource SpringApplicationShutdownHook HikariPool-1 - Shutdown initiated...
2024-05-06 07:06:23,759 [INFO] com.zaxxer.hikari.HikariDataSource SpringApplicationShutdownHook HikariPool-1 - Shutdown completed.
2024-05-06 07:07:09,905 [INFO] com.project.dao.DemoTest main Starting DemoTest using Java 1.8.0_292 on WPF45DE29 with PID 22780 (started by xxshetur in C:\DLTE-JavaFullStack-RakeshKumarS-2024\DLTE-FINAL-PROJECT\DLTE-PROJECT-DAO)
2024-05-06 07:07:09,920 [INFO] com.project.dao.DemoTest main No active profile set, falling back to 1 default profile: "default"
2024-05-06 07:07:10,722 [INFO] org.springframework.data.repository.config.RepositoryConfigurationDelegate main Bootstrapping Spring Data JDBC repositories in DEFAULT mode.
2024-05-06 07:07:10,737 [INFO] org.springframework.data.repository.config.RepositoryConfigurationDelegate main Finished Spring Data repository scanning in 13 ms. Found 0 JDBC repository interfaces.
2024-05-06 07:07:11,743 [INFO] com.zaxxer.hikari.HikariDataSource main HikariPool-1 - Starting...
2024-05-06 07:07:11,757 [WARN] com.zaxxer.hikari.util.DriverDataSource main Registered driver with driverClassName=oracle.jdbc.driver.OracleDriver was not found, trying direct instantiation.
2024-05-06 07:07:12,214 [INFO] com.zaxxer.hikari.pool.PoolBase main HikariPool-1 - Driver does not support get/set network timeout for connections. (oracle.jdbc.driver.T4CConnection.getNetworkTimeout()I)
2024-05-06 07:07:12,214 [INFO] com.zaxxer.hikari.HikariDataSource main HikariPool-1 - Start completed.
2024-05-06 07:07:12,891 [INFO] org.springframework.security.web.DefaultSecurityFilterChain main Will secure any request with [org.springframework.security.web.session.DisableEncodeUrlFilter@3cd9aa64, org.springframework.security.web.context.request.async.WebAsyncManagerIntegrationFilter@42b84286, org.springframework.security.web.context.SecurityContextPersistenceFilter@51c959a4, org.springframework.security.web.header.HeaderWriterFilter@6ede46f6, org.springframework.security.web.csrf.CsrfFilter@146dcfe6, org.springframework.security.web.authentication.logout.LogoutFilter@2f236de0, org.springframework.security.web.authentication.UsernamePasswordAuthenticationFilter@36c2b646, org.springframework.security.web.authentication.ui.DefaultLoginPageGeneratingFilter@46c269e0, org.springframework.security.web.authentication.ui.DefaultLogoutPageGeneratingFilter@443effcb, org.springframework.security.web.authentication.www.BasicAuthenticationFilter@3dfa819, org.springframework.security.web.savedrequest.RequestCacheAwareFilter@10a0fe30, org.springframework.security.web.servletapi.SecurityContextHolderAwareRequestFilter@60f70249, org.springframework.security.web.authentication.AnonymousAuthenticationFilter@74ecacc3, org.springframework.security.web.session.SessionManagementFilter@2127e66e, org.springframework.security.web.access.ExceptionTranslationFilter@5d43409a, org.springframework.security.web.access.intercept.FilterSecurityInterceptor@7ecec90d]
2024-05-06 07:07:13,032 [INFO] com.project.dao.DemoTest main Started DemoTest in 3.82 seconds (JVM running for 5.467)
2024-05-06 07:07:13,424 [INFO] com.zaxxer.hikari.HikariDataSource SpringApplicationShutdownHook HikariPool-1 - Shutdown initiated...
2024-05-06 07:07:13,457 [INFO] com.zaxxer.hikari.HikariDataSource SpringApplicationShutdownHook HikariPool-1 - Shutdown completed.
2024-05-06 07:07:27,230 [INFO] com.project.dao.DemoTest main Starting DemoTest using Java 1.8.0_292 on WPF45DE29 with PID 16644 (started by xxshetur in C:\DLTE-JavaFullStack-RakeshKumarS-2024\DLTE-FINAL-PROJECT\DLTE-PROJECT-DAO)
2024-05-06 07:07:27,230 [INFO] com.project.dao.DemoTest main No active profile set, falling back to 1 default profile: "default"
2024-05-06 07:07:28,565 [INFO] org.springframework.data.repository.config.RepositoryConfigurationDelegate main Bootstrapping Spring Data JDBC repositories in DEFAULT mode.
2024-05-06 07:07:28,597 [INFO] org.springframework.data.repository.config.RepositoryConfigurationDelegate main Finished Spring Data repository scanning in 21 ms. Found 0 JDBC repository interfaces.
2024-05-06 07:07:30,215 [INFO] com.zaxxer.hikari.HikariDataSource main HikariPool-1 - Starting...
2024-05-06 07:07:30,229 [WARN] com.zaxxer.hikari.util.DriverDataSource main Registered driver with driverClassName=oracle.jdbc.driver.OracleDriver was not found, trying direct instantiation.
2024-05-06 07:07:31,160 [INFO] com.zaxxer.hikari.pool.PoolBase main HikariPool-1 - Driver does not support get/set network timeout for connections. (oracle.jdbc.driver.T4CConnection.getNetworkTimeout()I)
2024-05-06 07:07:31,172 [INFO] com.zaxxer.hikari.HikariDataSource main HikariPool-1 - Start completed.
2024-05-06 07:07:32,383 [INFO] org.springframework.security.web.DefaultSecurityFilterChain main Will secure any request with [org.springframework.security.web.session.DisableEncodeUrlFilter@1a2ac487, org.springframework.security.web.context.request.async.WebAsyncManagerIntegrationFilter@570a62a5, org.springframework.security.web.context.SecurityContextPersistenceFilter@46a123e4, org.springframework.security.web.header.HeaderWriterFilter@269222ae, org.springframework.security.web.csrf.CsrfFilter@437c4b25, org.springframework.security.web.authentication.logout.LogoutFilter@26e0d39c, org.springframework.security.web.authentication.UsernamePasswordAuthenticationFilter@299b9851, org.springframework.security.web.authentication.ui.DefaultLoginPageGeneratingFilter@26457986, org.springframework.security.web.authentication.ui.DefaultLogoutPageGeneratingFilter@36224f93, org.springframework.security.web.authentication.www.BasicAuthenticationFilter@2c6c302f, org.springframework.security.web.savedrequest.RequestCacheAwareFilter@3c28e5b6, org.springframework.security.web.servletapi.SecurityContextHolderAwareRequestFilter@3a296107, org.springframework.security.web.authentication.AnonymousAuthenticationFilter@1ee5632d, org.springframework.security.web.session.SessionManagementFilter@40d848f9, org.springframework.security.web.access.ExceptionTranslationFilter@5600a5da, org.springframework.security.web.access.intercept.FilterSecurityInterceptor@666618d6]
2024-05-06 07:07:32,571 [INFO] com.project.dao.DemoTest main Started DemoTest in 6.081 seconds (JVM running for 11.068)
2024-05-06 07:07:32,728 [INFO] com.project.dao.security.MyBankCustomersService main Status has changed
2024-05-06 07:07:32,744 [INFO] com.project.dao.security.MyBankCustomersService main Attempts are Updated
2024-05-06 07:07:32,775 [INFO] org.springframework.boot.test.context.SpringBootTestContextBootstrapper main Neither @ContextConfiguration nor @ContextHierarchy found for test class [com.project.dao.ValidationTest], using SpringBootContextLoader
2024-05-06 07:07:32,775 [INFO] org.springframework.test.context.support.AbstractContextLoader main Could not detect default resource locations for test class [com.project.dao.ValidationTest]: no resource found for suffixes {-context.xml, Context.groovy}.
2024-05-06 07:07:32,775 [INFO] org.springframework.test.context.support.AnnotationConfigContextLoaderUtils main Could not detect default configuration classes for test class [com.project.dao.ValidationTest]: ValidationTest does not declare any static, non-private, non-final, nested classes annotated with @Configuration.
2024-05-06 07:07:32,791 [INFO] org.springframework.boot.test.context.SpringBootTestContextBootstrapper main Found @SpringBootConfiguration com.project.dao.DemoApplication for test class com.project.dao.ValidationTest
2024-05-06 07:07:32,791 [INFO] org.springframework.boot.test.context.SpringBootTestContextBootstrapper main Loaded default TestExecutionListener class names from location [META-INF/spring.factories]: [org.springframework.boot.test.mock.mockito.MockitoTestExecutionListener, org.springframework.boot.test.mock.mockito.ResetMocksTestExecutionListener, org.springframework.boot.test.autoconfigure.restdocs.RestDocsTestExecutionListener, org.springframework.boot.test.autoconfigure.web.client.MockRestServiceServerResetTestExecutionListener, org.springframework.boot.test.autoconfigure.web.servlet.MockMvcPrintOnlyOnFailureTestExecutionListener, org.springframework.boot.test.autoconfigure.web.servlet.WebDriverTestExecutionListener, org.springframework.boot.test.autoconfigure.webservices.client.MockWebServiceServerTestExecutionListener, org.springframework.test.context.web.ServletTestExecutionListener, org.springframework.test.context.support.DirtiesContextBeforeModesTestExecutionListener, org.springframework.test.context.event.ApplicationEventsTestExecutionListener, org.springframework.test.context.support.DependencyInjectionTestExecutionListener, org.springframework.test.context.support.DirtiesContextTestExecutionListener, org.springframework.test.context.transaction.TransactionalTestExecutionListener, org.springframework.test.context.jdbc.SqlScriptsTestExecutionListener, org.springframework.test.context.event.EventPublishingTestExecutionListener]
2024-05-06 07:07:32,791 [INFO] org.springframework.boot.test.context.SpringBootTestContextBootstrapper main Using TestExecutionListeners: [org.springframework.test.context.web.ServletTestExecutionListener@5fb54740, org.springframework.test.context.support.DirtiesContextBeforeModesTestExecutionListener@325162e9, org.springframework.test.context.event.ApplicationEventsTestExecutionListener@1ee40b5c, org.springframework.boot.test.mock.mockito.MockitoTestExecutionListener@5c448ef, org.springframework.boot.test.autoconfigure.SpringBootDependencyInjectionTestExecutionListener@703e8050, org.springframework.test.context.support.DirtiesContextTestExecutionListener@49c1e294, org.springframework.test.context.transaction.TransactionalTestExecutionListener@7741ae1b, org.springframework.test.context.jdbc.SqlScriptsTestExecutionListener@50e5032c, org.springframework.test.context.event.EventPublishingTestExecutionListener@545d2560, org.springframework.boot.test.mock.mockito.ResetMocksTestExecutionListener@124eb83d, org.springframework.boot.test.autoconfigure.restdocs.RestDocsTestExecutionListener@6885ed19, org.springframework.boot.test.autoconfigure.web.client.MockRestServiceServerResetTestExecutionListener@10817f46, org.springframework.boot.test.autoconfigure.web.servlet.MockMvcPrintOnlyOnFailureTestExecutionListener@2d4a3e13, org.springframework.boot.test.autoconfigure.web.servlet.WebDriverTestExecutionListener@4a22e4d7, org.springframework.boot.test.autoconfigure.webservices.client.MockWebServiceServerTestExecutionListener@d8835af]
2024-05-06 07:07:33,027 [WARN] com.project.dao.services.AccountsServices main Account is already inactive
2024-05-06 07:07:33,027 [INFO] com.project.dao.services.AccountsServices main Account service closed successfully
2024-05-06 07:07:33,042 [WARN] com.project.dao.services.AccountsServices main Database error check the account id again
2024-05-06 07:07:33,042 [WARN] com.project.dao.services.AccountsServices main No Data Found
2024-05-06 07:07:33,319 [INFO] com.project.dao.services.AccountsServices main Account service closed successfully
2024-05-06 07:07:33,341 [INFO] com.zaxxer.hikari.HikariDataSource SpringApplicationShutdownHook HikariPool-1 - Shutdown initiated...
2024-05-06 07:07:33,360 [INFO] com.zaxxer.hikari.HikariDataSource SpringApplicationShutdownHook HikariPool-1 - Shutdown completed.
2024-05-06 07:09:07,956 [INFO] com.project.dao.DemoTest main Starting DemoTest using Java 1.8.0_292 on WPF45DE29 with PID 15024 (started by xxshetur in C:\DLTE-JavaFullStack-RakeshKumarS-2024\DLTE-FINAL-PROJECT\DLTE-PROJECT-DAO)
2024-05-06 07:09:07,971 [INFO] com.project.dao.DemoTest main No active profile set, falling back to 1 default profile: "default"
2024-05-06 07:09:08,769 [INFO] org.springframework.data.repository.config.RepositoryConfigurationDelegate main Bootstrapping Spring Data JDBC repositories in DEFAULT mode.
2024-05-06 07:09:08,806 [INFO] org.springframework.data.repository.config.RepositoryConfigurationDelegate main Finished Spring Data repository scanning in 15 ms. Found 0 JDBC repository interfaces.
2024-05-06 07:09:09,955 [INFO] com.zaxxer.hikari.HikariDataSource main HikariPool-1 - Starting...
2024-05-06 07:09:09,955 [WARN] com.zaxxer.hikari.util.DriverDataSource main Registered driver with driverClassName=oracle.jdbc.driver.OracleDriver was not found, trying direct instantiation.
2024-05-06 07:09:10,493 [INFO] com.zaxxer.hikari.pool.PoolBase main HikariPool-1 - Driver does not support get/set network timeout for connections. (oracle.jdbc.driver.T4CConnection.getNetworkTimeout()I)
2024-05-06 07:09:10,493 [INFO] com.zaxxer.hikari.HikariDataSource main HikariPool-1 - Start completed.
2024-05-06 07:09:11,216 [INFO] org.springframework.security.web.DefaultSecurityFilterChain main Will secure any request with [org.springframework.security.web.session.DisableEncodeUrlFilter@4e1a46fb, org.springframework.security.web.context.request.async.WebAsyncManagerIntegrationFilter@69fe0ed4, org.springframework.security.web.context.SecurityContextPersistenceFilter@54e3658c, org.springframework.security.web.header.HeaderWriterFilter@60bbacfc, org.springframework.security.web.csrf.CsrfFilter@5fa23c, org.springframework.security.web.authentication.logout.LogoutFilter@646c0a67, org.springframework.security.web.authentication.UsernamePasswordAuthenticationFilter@1305c126, org.springframework.security.web.authentication.ui.DefaultLoginPageGeneratingFilter@122d6c22, org.springframework.security.web.authentication.ui.DefaultLogoutPageGeneratingFilter@20ab3e3a, org.springframework.security.web.authentication.www.BasicAuthenticationFilter@54e2fe, org.springframework.security.web.savedrequest.RequestCacheAwareFilter@3c5dbdf8, org.springframework.security.web.servletapi.SecurityContextHolderAwareRequestFilter@7aac8884, org.springframework.security.web.authentication.AnonymousAuthenticationFilter@6caf7803, org.springframework.security.web.session.SessionManagementFilter@255eaa6b, org.springframework.security.web.access.ExceptionTranslationFilter@421056e5, org.springframework.security.web.access.intercept.FilterSecurityInterceptor@517a2b0]
2024-05-06 07:09:11,341 [INFO] com.project.dao.DemoTest main Started DemoTest in 3.971 seconds (JVM running for 5.538)
2024-05-06 07:09:11,671 [INFO] com.zaxxer.hikari.HikariDataSource SpringApplicationShutdownHook HikariPool-1 - Shutdown initiated...
2024-05-06 07:09:11,686 [INFO] com.zaxxer.hikari.HikariDataSource SpringApplicationShutdownHook HikariPool-1 - Shutdown completed.
2024-05-06 07:12:07,284 [INFO] com.project.dao.DemoTest main Starting DemoTest using Java 1.8.0_292 on WPF45DE29 with PID 15828 (started by xxshetur in C:\DLTE-JavaFullStack-RakeshKumarS-2024\DLTE-FINAL-PROJECT\DLTE-PROJECT-DAO)
2024-05-06 07:12:07,284 [INFO] com.project.dao.DemoTest main No active profile set, falling back to 1 default profile: "default"
2024-05-06 07:12:08,494 [INFO] org.springframework.data.repository.config.RepositoryConfigurationDelegate main Bootstrapping Spring Data JDBC repositories in DEFAULT mode.
2024-05-06 07:12:08,524 [INFO] org.springframework.data.repository.config.RepositoryConfigurationDelegate main Finished Spring Data repository scanning in 16 ms. Found 0 JDBC repository interfaces.
2024-05-06 07:12:09,970 [INFO] com.zaxxer.hikari.HikariDataSource main HikariPool-1 - Starting...
2024-05-06 07:12:09,986 [WARN] com.zaxxer.hikari.util.DriverDataSource main Registered driver with driverClassName=oracle.jdbc.driver.OracleDriver was not found, trying direct instantiation.
2024-05-06 07:12:10,593 [INFO] com.zaxxer.hikari.pool.PoolBase main HikariPool-1 - Driver does not support get/set network timeout for connections. (oracle.jdbc.driver.T4CConnection.getNetworkTimeout()I)
2024-05-06 07:12:10,602 [INFO] com.zaxxer.hikari.HikariDataSource main HikariPool-1 - Start completed.
2024-05-06 07:12:11,652 [INFO] org.springframework.security.web.DefaultSecurityFilterChain main Will secure any request with [org.springframework.security.web.session.DisableEncodeUrlFilter@1eca3ea7, org.springframework.security.web.context.request.async.WebAsyncManagerIntegrationFilter@24fba488, org.springframework.security.web.context.SecurityContextPersistenceFilter@626b639e, org.springframework.security.web.header.HeaderWriterFilter@5c313224, org.springframework.security.web.csrf.CsrfFilter@13cc0b90, org.springframework.security.web.authentication.logout.LogoutFilter@3b4086c1, org.springframework.security.web.authentication.UsernamePasswordAuthenticationFilter@53dd42d6, org.springframework.security.web.authentication.ui.DefaultLoginPageGeneratingFilter@1653b84e, org.springframework.security.web.authentication.ui.DefaultLogoutPageGeneratingFilter@73a6cc79, org.springframework.security.web.authentication.www.BasicAuthenticationFilter@5b1c32e4, org.springframework.security.web.savedrequest.RequestCacheAwareFilter@527a8665, org.springframework.security.web.servletapi.SecurityContextHolderAwareRequestFilter@437c4b25, org.springframework.security.web.authentication.AnonymousAuthenticationFilter@5a4d4f9c, org.springframework.security.web.session.SessionManagementFilter@4b957db0, org.springframework.security.web.access.ExceptionTranslationFilter@4b03cbad, org.springframework.security.web.access.intercept.FilterSecurityInterceptor@4d354a3e]
2024-05-06 07:12:11,856 [INFO] com.project.dao.DemoTest main Started DemoTest in 5.309 seconds (JVM running for 10.101)
2024-05-06 07:12:11,996 [INFO] com.project.dao.security.MyBankCustomersService main Status has changed
2024-05-06 07:12:12,012 [INFO] com.project.dao.security.MyBankCustomersService main Attempts are Updated
2024-05-06 07:12:12,043 [INFO] org.springframework.boot.test.context.SpringBootTestContextBootstrapper main Neither @ContextConfiguration nor @ContextHierarchy found for test class [com.project.dao.ValidationTest], using SpringBootContextLoader
2024-05-06 07:12:12,043 [INFO] org.springframework.test.context.support.AbstractContextLoader main Could not detect default resource locations for test class [com.project.dao.ValidationTest]: no resource found for suffixes {-context.xml, Context.groovy}.
2024-05-06 07:12:12,043 [INFO] org.springframework.test.context.support.AnnotationConfigContextLoaderUtils main Could not detect default configuration classes for test class [com.project.dao.ValidationTest]: ValidationTest does not declare any static, non-private, non-final, nested classes annotated with @Configuration.
2024-05-06 07:12:12,059 [INFO] org.springframework.boot.test.context.SpringBootTestContextBootstrapper main Found @SpringBootConfiguration com.project.dao.DemoApplication for test class com.project.dao.ValidationTest
2024-05-06 07:12:12,059 [INFO] org.springframework.boot.test.context.SpringBootTestContextBootstrapper main Loaded default TestExecutionListener class names from location [META-INF/spring.factories]: [org.springframework.boot.test.mock.mockito.MockitoTestExecutionListener, org.springframework.boot.test.mock.mockito.ResetMocksTestExecutionListener, org.springframework.boot.test.autoconfigure.restdocs.RestDocsTestExecutionListener, org.springframework.boot.test.autoconfigure.web.client.MockRestServiceServerResetTestExecutionListener, org.springframework.boot.test.autoconfigure.web.servlet.MockMvcPrintOnlyOnFailureTestExecutionListener, org.springframework.boot.test.autoconfigure.web.servlet.WebDriverTestExecutionListener, org.springframework.boot.test.autoconfigure.webservices.client.MockWebServiceServerTestExecutionListener, org.springframework.test.context.web.ServletTestExecutionListener, org.springframework.test.context.support.DirtiesContextBeforeModesTestExecutionListener, org.springframework.test.context.event.ApplicationEventsTestExecutionListener, org.springframework.test.context.support.DependencyInjectionTestExecutionListener, org.springframework.test.context.support.DirtiesContextTestExecutionListener, org.springframework.test.context.transaction.TransactionalTestExecutionListener, org.springframework.test.context.jdbc.SqlScriptsTestExecutionListener, org.springframework.test.context.event.EventPublishingTestExecutionListener]
2024-05-06 07:12:12,059 [INFO] org.springframework.boot.test.context.SpringBootTestContextBootstrapper main Using TestExecutionListeners: [org.springframework.test.context.web.ServletTestExecutionListener@325162e9, org.springframework.test.context.support.DirtiesContextBeforeModesTestExecutionListener@1ee40b5c, org.springframework.test.context.event.ApplicationEventsTestExecutionListener@5c448ef, org.springframework.boot.test.mock.mockito.MockitoTestExecutionListener@703e8050, org.springframework.boot.test.autoconfigure.SpringBootDependencyInjectionTestExecutionListener@49c1e294, org.springframework.test.context.support.DirtiesContextTestExecutionListener@7741ae1b, org.springframework.test.context.transaction.TransactionalTestExecutionListener@50e5032c, org.springframework.test.context.jdbc.SqlScriptsTestExecutionListener@545d2560, org.springframework.test.context.event.EventPublishingTestExecutionListener@124eb83d, org.springframework.boot.test.mock.mockito.ResetMocksTestExecutionListener@6885ed19, org.springframework.boot.test.autoconfigure.restdocs.RestDocsTestExecutionListener@10817f46, org.springframework.boot.test.autoconfigure.web.client.MockRestServiceServerResetTestExecutionListener@2d4a3e13, org.springframework.boot.test.autoconfigure.web.servlet.MockMvcPrintOnlyOnFailureTestExecutionListener@4a22e4d7, org.springframework.boot.test.autoconfigure.web.servlet.WebDriverTestExecutionListener@d8835af, org.springframework.boot.test.autoconfigure.webservices.client.MockWebServiceServerTestExecutionListener@16681017]
2024-05-06 07:12:12,263 [WARN] com.project.dao.services.AccountsServices main Account is already inactive
2024-05-06 07:12:12,279 [INFO] com.project.dao.services.AccountsServices main Account service closed successfully
2024-05-06 07:12:12,279 [WARN] com.project.dao.services.AccountsServices main Database error check the account id again
2024-05-06 07:12:12,279 [WARN] com.project.dao.services.AccountsServices main No Data Found
2024-05-06 07:12:12,562 [INFO] com.project.dao.services.AccountsServices main Account service closed successfully
2024-05-06 07:12:12,593 [INFO] com.zaxxer.hikari.HikariDataSource SpringApplicationShutdownHook HikariPool-1 - Shutdown initiated...
2024-05-06 07:12:12,613 [INFO] com.zaxxer.hikari.HikariDataSource SpringApplicationShutdownHook HikariPool-1 - Shutdown completed.
2024-05-06 07:13:18,547 [INFO] com.project.dao.DemoTest main Starting DemoTest using Java 1.8.0_292 on WPF45DE29 with PID 15560 (started by xxshetur in C:\DLTE-JavaFullStack-RakeshKumarS-2024\DLTE-FINAL-PROJECT\DLTE-PROJECT-DAO)
2024-05-06 07:13:18,547 [INFO] com.project.dao.DemoTest main No active profile set, falling back to 1 default profile: "default"
2024-05-06 07:13:19,932 [INFO] org.springframework.data.repository.config.RepositoryConfigurationDelegate main Bootstrapping Spring Data JDBC repositories in DEFAULT mode.
2024-05-06 07:13:19,975 [INFO] org.springframework.data.repository.config.RepositoryConfigurationDelegate main Finished Spring Data repository scanning in 28 ms. Found 0 JDBC repository interfaces.
2024-05-06 07:13:21,806 [INFO] com.zaxxer.hikari.HikariDataSource main HikariPool-1 - Starting...
2024-05-06 07:13:21,821 [WARN] com.zaxxer.hikari.util.DriverDataSource main Registered driver with driverClassName=oracle.jdbc.driver.OracleDriver was not found, trying direct instantiation.
2024-05-06 07:13:23,015 [INFO] com.zaxxer.hikari.pool.PoolBase main HikariPool-1 - Driver does not support get/set network timeout for connections. (oracle.jdbc.driver.T4CConnection.getNetworkTimeout()I)
2024-05-06 07:13:23,025 [INFO] com.zaxxer.hikari.HikariDataSource main HikariPool-1 - Start completed.
2024-05-06 07:13:24,155 [INFO] org.springframework.security.web.DefaultSecurityFilterChain main Will secure any request with [org.springframework.security.web.session.DisableEncodeUrlFilter@666618d6, org.springframework.security.web.context.request.async.WebAsyncManagerIntegrationFilter@5b1c32e4, org.springframework.security.web.context.SecurityContextPersistenceFilter@1e1e837d, org.springframework.security.web.header.HeaderWriterFilter@14b275bd, org.springframework.security.web.csrf.CsrfFilter@3a0aaaf0, org.springframework.security.web.authentication.logout.LogoutFilter@361cd35c, org.springframework.security.web.authentication.UsernamePasswordAuthenticationFilter@3313d477, org.springframework.security.web.authentication.ui.DefaultLoginPageGeneratingFilter@437c4b25, org.springframework.security.web.authentication.ui.DefaultLogoutPageGeneratingFilter@2bab618, org.springframework.security.web.authentication.www.BasicAuthenticationFilter@418f890f, org.springframework.security.web.savedrequest.RequestCacheAwareFilter@5d71b500, org.springframework.security.web.servletapi.SecurityContextHolderAwareRequestFilter@626b639e, org.springframework.security.web.authentication.AnonymousAuthenticationFilter@48bc2fce, org.springframework.security.web.session.SessionManagementFilter@4b03cbad, org.springframework.security.web.access.ExceptionTranslationFilter@280fafd, org.springframework.security.web.access.intercept.FilterSecurityInterceptor@6424e613]
2024-05-06 07:13:24,422 [INFO] com.project.dao.DemoTest main Started DemoTest in 6.653 seconds (JVM running for 11.546)
2024-05-06 07:13:24,587 [INFO] com.project.dao.security.MyBankCustomersService main Status has changed
2024-05-06 07:13:24,603 [INFO] com.project.dao.security.MyBankCustomersService main Attempts are Updated
2024-05-06 07:13:24,612 [INFO] org.springframework.boot.test.context.SpringBootTestContextBootstrapper main Neither @ContextConfiguration nor @ContextHierarchy found for test class [com.project.dao.ValidationTest], using SpringBootContextLoader
2024-05-06 07:13:24,612 [INFO] org.springframework.test.context.support.AbstractContextLoader main Could not detect default resource locations for test class [com.project.dao.ValidationTest]: no resource found for suffixes {-context.xml, Context.groovy}.
2024-05-06 07:13:24,627 [INFO] org.springframework.test.context.support.AnnotationConfigContextLoaderUtils main Could not detect default configuration classes for test class [com.project.dao.ValidationTest]: ValidationTest does not declare any static, non-private, non-final, nested classes annotated with @Configuration.
2024-05-06 07:13:24,643 [INFO] org.springframework.boot.test.context.SpringBootTestContextBootstrapper main Found @SpringBootConfiguration com.project.dao.DemoApplication for test class com.project.dao.ValidationTest
2024-05-06 07:13:24,643 [INFO] org.springframework.boot.test.context.SpringBootTestContextBootstrapper main Loaded default TestExecutionListener class names from location [META-INF/spring.factories]: [org.springframework.boot.test.mock.mockito.MockitoTestExecutionListener, org.springframework.boot.test.mock.mockito.ResetMocksTestExecutionListener, org.springframework.boot.test.autoconfigure.restdocs.RestDocsTestExecutionListener, org.springframework.boot.test.autoconfigure.web.client.MockRestServiceServerResetTestExecutionListener, org.springframework.boot.test.autoconfigure.web.servlet.MockMvcPrintOnlyOnFailureTestExecutionListener, org.springframework.boot.test.autoconfigure.web.servlet.WebDriverTestExecutionListener, org.springframework.boot.test.autoconfigure.webservices.client.MockWebServiceServerTestExecutionListener, org.springframework.test.context.web.ServletTestExecutionListener, org.springframework.test.context.support.DirtiesContextBeforeModesTestExecutionListener, org.springframework.test.context.event.ApplicationEventsTestExecutionListener, org.springframework.test.context.support.DependencyInjectionTestExecutionListener, org.springframework.test.context.support.DirtiesContextTestExecutionListener, org.springframework.test.context.transaction.TransactionalTestExecutionListener, org.springframework.test.context.jdbc.SqlScriptsTestExecutionListener, org.springframework.test.context.event.EventPublishingTestExecutionListener]
2024-05-06 07:13:24,643 [INFO] org.springframework.boot.test.context.SpringBootTestContextBootstrapper main Using TestExecutionListeners: [org.springframework.test.context.web.ServletTestExecutionListener@325162e9, org.springframework.test.context.support.DirtiesContextBeforeModesTestExecutionListener@1ee40b5c, org.springframework.test.context.event.ApplicationEventsTestExecutionListener@5c448ef, org.springframework.boot.test.mock.mockito.MockitoTestExecutionListener@703e8050, org.springframework.boot.test.autoconfigure.SpringBootDependencyInjectionTestExecutionListener@49c1e294, org.springframework.test.context.support.DirtiesContextTestExecutionListener@7741ae1b, org.springframework.test.context.transaction.TransactionalTestExecutionListener@50e5032c, org.springframework.test.context.jdbc.SqlScriptsTestExecutionListener@545d2560, org.springframework.test.context.event.EventPublishingTestExecutionListener@124eb83d, org.springframework.boot.test.mock.mockito.ResetMocksTestExecutionListener@6885ed19, org.springframework.boot.test.autoconfigure.restdocs.RestDocsTestExecutionListener@10817f46, org.springframework.boot.test.autoconfigure.web.client.MockRestServiceServerResetTestExecutionListener@2d4a3e13, org.springframework.boot.test.autoconfigure.web.servlet.MockMvcPrintOnlyOnFailureTestExecutionListener@4a22e4d7, org.springframework.boot.test.autoconfigure.web.servlet.WebDriverTestExecutionListener@d8835af, org.springframework.boot.test.autoconfigure.webservices.client.MockWebServiceServerTestExecutionListener@16681017]
2024-05-06 07:13:24,863 [WARN] com.project.dao.services.AccountsServices main Account is already inactive
2024-05-06 07:13:24,863 [INFO] com.project.dao.services.AccountsServices main Account service closed successfully
2024-05-06 07:13:24,880 [WARN] com.project.dao.services.AccountsServices main Database error check the account id again
2024-05-06 07:13:24,880 [WARN] com.project.dao.services.AccountsServices main No Data Found
2024-05-06 07:13:25,147 [INFO] com.project.dao.services.AccountsServices main Account service closed successfully
2024-05-06 07:13:25,164 [INFO] com.zaxxer.hikari.HikariDataSource SpringApplicationShutdownHook HikariPool-1 - Shutdown initiated...
2024-05-06 07:13:25,198 [INFO] com.zaxxer.hikari.HikariDataSource SpringApplicationShutdownHook HikariPool-1 - Shutdown completed.
[31m2024-05-06 07:14:47,537[0;39m [32m[INFO][0;39m com.project.dao.DemoApplication restartedMain [32mStarting DemoApplication using Java 1.8.0_292 on WPF45DE29 with PID 23592 (C:\DLTE-JavaFullStack-RakeshKumarS-2024\DLTE-FINAL-PROJECT\DLTE-PROJECT-DAO\target\classes started by xxshetur in C:\DLTE-JavaFullStack-RakeshKumarS-2024\DLTE-FINAL-PROJECT\DLTE-PROJECT-DAO)
[0;39m[31m2024-05-06 07:14:47,540[0;39m [32m[INFO][0;39m com.project.dao.DemoApplication restartedMain [32mNo active profile set, falling back to 1 default profile: "default"
[0;39m[31m2024-05-06 07:14:47,630[0;39m [32m[INFO][0;39m org.springframework.boot.devtools.restart.ChangeableUrls restartedMain [32mThe Class-Path manifest attribute in C:\Users\xxshetur\.m2\repository\com\oracle\database\security\oraclepki\21.5.0.0\oraclepki-21.5.0.0.jar referenced one or more files that do not exist: file:/C:/Users/xxshetur/.m2/repository/com/oracle/database/security/oraclepki/21.5.0.0/osdt_core.jar,file:/C:/Users/xxshetur/.m2/repository/com/oracle/database/security/oraclepki/21.5.0.0/osdt_cert.jar,file:/C:/Users/xxshetur/.m2/repository/com/oracle/database/security/oraclepki/oracle.osdt/osdt_core.jar,file:/C:/Users/xxshetur/.m2/repository/com/oracle/database/security/oraclepki/oracle.osdt/osdt_cert.jar
[0;39m[31m2024-05-06 07:14:47,630[0;39m [32m[INFO][0;39m org.springframework.boot.devtools.env.DevToolsPropertyDefaultsPostProcessor restartedMain [32mDevtools property defaults active! Set 'spring.devtools.add-properties' to 'false' to disable
[0;39m[31m2024-05-06 07:14:47,630[0;39m [32m[INFO][0;39m org.springframework.boot.devtools.env.DevToolsPropertyDefaultsPostProcessor restartedMain [32mFor additional web related logging consider setting the 'logging.level.web' property to 'DEBUG'
[0;39m[31m2024-05-06 07:14:48,334[0;39m [32m[INFO][0;39m org.springframework.data.repository.config.RepositoryConfigurationDelegate restartedMain [32mBootstrapping Spring Data JDBC repositories in DEFAULT mode.
[0;39m[31m2024-05-06 07:14:48,350[0;39m [32m[INFO][0;39m org.springframework.data.repository.config.RepositoryConfigurationDelegate restartedMain [32mFinished Spring Data repository scanning in 13 ms. Found 0 JDBC repository interfaces.
[0;39m[31m2024-05-06 07:14:49,249[0;39m [32m[INFO][0;39m org.springframework.boot.web.embedded.tomcat.TomcatWebServer restartedMain [32mTomcat initialized with port(s): 8082 (http)
[0;39m[31m2024-05-06 07:14:49,264[0;39m [32m[INFO][0;39m org.apache.catalina.core.StandardService restartedMain [32mStarting service [Tomcat]
[0;39m[31m2024-05-06 07:14:49,264[0;39m [32m[INFO][0;39m org.apache.catalina.core.StandardEngine restartedMain [32mStarting Servlet engine: [Apache Tomcat/9.0.73]
[0;39m[31m2024-05-06 07:14:49,407[0;39m [32m[INFO][0;39m org.apache.catalina.core.ContainerBase.[Tomcat].[localhost].[/] restartedMain [32mInitializing Spring embedded WebApplicationContext
[0;39m[31m2024-05-06 07:14:49,407[0;39m [32m[INFO][0;39m org.springframework.boot.web.servlet.context.ServletWebServerApplicationContext restartedMain [32mRoot WebApplicationContext: initialization completed in 1777 ms
[0;39m[31m2024-05-06 07:14:49,753[0;39m [32m[INFO][0;39m com.zaxxer.hikari.HikariDataSource restartedMain [32mHikariPool-1 - Starting...
[0;39m[31m2024-05-06 07:14:49,753[0;39m [32m[WARN][0;39m com.zaxxer.hikari.util.DriverDataSource restartedMain [32mRegistered driver with driverClassName=oracle.jdbc.driver.OracleDriver was not found, trying direct instantiation.
[0;39m[31m2024-05-06 07:14:50,132[0;39m [32m[INFO][0;39m com.zaxxer.hikari.pool.PoolBase restartedMain [32mHikariPool-1 - Driver does not support get/set network timeout for connections. (oracle.jdbc.driver.T4CConnection.getNetworkTimeout()I)
[0;39m[31m2024-05-06 07:14:50,152[0;39m [32m[INFO][0;39m com.zaxxer.hikari.HikariDataSource restartedMain [32mHikariPool-1 - Start completed.
[0;39m[31m2024-05-06 07:14:50,573[0;39m [32m[INFO][0;39m org.springframework.security.web.DefaultSecurityFilterChain restartedMain [32mWill secure any request with [org.springframework.security.web.session.DisableEncodeUrlFilter@4ed3600f, org.springframework.security.web.context.request.async.WebAsyncManagerIntegrationFilter@7478231a, org.springframework.security.web.context.SecurityContextPersistenceFilter@20a04aa4, org.springframework.security.web.header.HeaderWriterFilter@2eee7005, org.springframework.security.web.csrf.CsrfFilter@1e72ec63, org.springframework.security.web.authentication.logout.LogoutFilter@31a43667, org.springframework.security.web.authentication.UsernamePasswordAuthenticationFilter@465dcf7f, org.springframework.security.web.authentication.ui.DefaultLoginPageGeneratingFilter@64b1150b, org.springframework.security.web.authentication.ui.DefaultLogoutPageGeneratingFilter@5715c5c0, org.springframework.security.web.authentication.www.BasicAuthenticationFilter@607f7089, org.springframework.security.web.savedrequest.RequestCacheAwareFilter@3e68dc0, org.springframework.security.web.servletapi.SecurityContextHolderAwareRequestFilter@475eac23, org.springframework.security.web.authentication.AnonymousAuthenticationFilter@69d6fe7b, org.springframework.security.web.session.SessionManagementFilter@2379aa80, org.springframework.security.web.access.ExceptionTranslationFilter@fb1ec2b, org.springframework.security.web.access.intercept.FilterSecurityInterceptor@379bcd61]
[0;39m[31m2024-05-06 07:14:50,668[0;39m [32m[INFO][0;39m org.springframework.boot.devtools.autoconfigure.OptionalLiveReloadServer restartedMain [32mLiveReload server is running on port 35729
[0;39m[31m2024-05-06 07:14:50,731[0;39m [32m[INFO][0;39m org.springframework.boot.web.embedded.tomcat.TomcatWebServer restartedMain [32mTomcat started on port(s): 8082 (http) with context path ''
[0;39m[31m2024-05-06 07:14:50,747[0;39m [32m[INFO][0;39m com.project.dao.DemoApplication restartedMain [32mStarted DemoApplication in 3.893 seconds (JVM running for 5.313)
[0;39m